{"numTotalTestSuites":191,"numPassedTestSuites":191,"numFailedTestSuites":0,"numPendingTestSuites":0,"numTotalTests":494,"numPassedTests":494,"numFailedTests":0,"numPendingTests":0,"numTodoTests":0,"snapshot":{"added":0,"failure":false,"filesAdded":0,"filesRemoved":0,"filesRemovedList":[],"filesUnmatched":0,"filesUpdated":0,"matched":0,"total":0,"unchecked":0,"uncheckedKeysByFile":[],"unmatched":0,"updated":0,"didUpdate":false},"startTime":1769941776228,"success":true,"testResults":[{"assertionResults":[{"ancestorTitles":["applyChange (coverage)"],"fullName":"applyChange (coverage) filtersが順に適用されること","status":"passed","title":"filtersが順に適用されること","duration":4.585999999999785,"failureMessages":[],"meta":{}},{"ancestorTitles":["applyChange (coverage)"],"fullName":"applyChange (coverage) textバインディングはapplyChangeToTextが呼ばれること","status":"passed","title":"textバインディングはapplyChangeToTextが呼ばれること","duration":0.8533999999999651,"failureMessages":[],"meta":{}},{"ancestorTitles":["applyChange (coverage)"],"fullName":"applyChange (coverage) forバインディングはuuidがあればapplyChangeToForが呼ばれること","status":"passed","title":"forバインディングはuuidがあればapplyChangeToForが呼ばれること","duration":0.5156000000001768,"failureMessages":[],"meta":{}},{"ancestorTitles":["applyChange (coverage)"],"fullName":"applyChange (coverage) ifバインディングはuuidがあればapplyChangeToIfが呼ばれること","status":"passed","title":"ifバインディングはuuidがあればapplyChangeToIfが呼ばれること","duration":0.2905000000000655,"failureMessages":[],"meta":{}},{"ancestorTitles":["applyChange (coverage)"],"fullName":"applyChange (coverage) elseバインディングはuuidがあればapplyChangeToIfが呼ばれること","status":"passed","title":"elseバインディングはuuidがあればapplyChangeToIfが呼ばれること","duration":0.26510000000007494,"failureMessages":[],"meta":{}},{"ancestorTitles":["applyChange (coverage)"],"fullName":"applyChange (coverage) elseifバインディングはuuidがあればapplyChangeToIfが呼ばれること","status":"passed","title":"elseifバインディングはuuidがあればapplyChangeToIfが呼ばれること","duration":0.22440000000005966,"failureMessages":[],"meta":{}},{"ancestorTitles":["applyChange (coverage)"],"fullName":"applyChange (coverage) 対象外のbindingTypeは何も呼ばれないこと","status":"passed","title":"対象外のbindingTypeは何も呼ばれないこと","duration":0.51949999999988,"failureMessages":[],"meta":{}}],"startTime":1769941778790,"endTime":1769941778797.5195,"status":"passed","message":"","name":"C:/Users/kikuzawa/Documents/git/wcstack/wcstack/packages/state/__tests__/applyChange.coverage.test.ts"},{"assertionResults":[{"ancestorTitles":["applyChange"],"fullName":"applyChange textバインディングでテキストを更新できること","status":"passed","title":"textバインディングでテキストを更新できること","duration":1.6397999999999229,"failureMessages":[],"meta":{}},{"ancestorTitles":["applyChange"],"fullName":"applyChange propバインディングでプロパティを更新できること","status":"passed","title":"propバインディングでプロパティを更新できること","duration":0.8553000000001703,"failureMessages":[],"meta":{}},{"ancestorTitles":["applyChange"],"fullName":"applyChange forバインディングでuuidがない場合はエラーになること","status":"passed","title":"forバインディングでuuidがない場合はエラーになること","duration":0.9591000000000349,"failureMessages":[],"meta":{}},{"ancestorTitles":["applyChange"],"fullName":"applyChange ifバインディングでuuidがない場合はエラーになること","status":"passed","title":"ifバインディングでuuidがない場合はエラーになること","duration":0.21090000000003783,"failureMessages":[],"meta":{}},{"ancestorTitles":["applyChange"],"fullName":"applyChange elseバインディングでuuidがない場合はエラーになること","status":"passed","title":"elseバインディングでuuidがない場合はエラーになること","duration":0.1675999999999931,"failureMessages":[],"meta":{}},{"ancestorTitles":["applyChange"],"fullName":"applyChange elseifバインディングでuuidがない場合はエラーになること","status":"passed","title":"elseifバインディングでuuidがない場合はエラーになること","duration":0.15800000000012915,"failureMessages":[],"meta":{}}],"startTime":1769941778762,"endTime":1769941778765.211,"status":"passed","message":"","name":"C:/Users/kikuzawa/Documents/git/wcstack/wcstack/packages/state/__tests__/applyChange.test.ts"},{"assertionResults":[{"ancestorTitles":["applyChangeFromBindings"],"fullName":"applyChangeFromBindings 同じstateNameはcreateStateが1回で処理されること","status":"passed","title":"同じstateNameはcreateStateが1回で処理されること","duration":2.3742999999999483,"failureMessages":[],"meta":{}},{"ancestorTitles":["applyChangeFromBindings"],"fullName":"applyChangeFromBindings 同じstateName内でloopContextごとに$$setLoopContextが呼ばれること","status":"passed","title":"同じstateName内でloopContextごとに$$setLoopContextが呼ばれること","duration":1.2248999999999342,"failureMessages":[],"meta":{}},{"ancestorTitles":["applyChangeFromBindings"],"fullName":"applyChangeFromBindings stateNameが変わる場合はcreateStateが分割されること","status":"passed","title":"stateNameが変わる場合はcreateStateが分割されること","duration":0.3442000000000007,"failureMessages":[],"meta":{}},{"ancestorTitles":["applyChangeFromBindings"],"fullName":"applyChangeFromBindings state要素が見つからない場合はエラーになること","status":"passed","title":"state要素が見つからない場合はエラーになること","duration":1.1754999999999427,"failureMessages":[],"meta":{}}],"startTime":1769941778564,"endTime":1769941778569.1755,"status":"passed","message":"","name":"C:/Users/kikuzawa/Documents/git/wcstack/wcstack/packages/state/__tests__/applyChangeFromBindings.test.ts"},{"assertionResults":[{"ancestorTitles":["applyChangeToAttribute"],"fullName":"applyChangeToAttribute 同じ値の場合は変更しないこと","status":"passed","title":"同じ値の場合は変更しないこと","duration":2.005999999999972,"failureMessages":[],"meta":{}},{"ancestorTitles":["applyChangeToAttribute"],"fullName":"applyChangeToAttribute 値が異なる場合は更新すること","status":"passed","title":"値が異なる場合は更新すること","duration":0.25900000000001455,"failureMessages":[],"meta":{}}],"startTime":1769941779808,"endTime":1769941779810.259,"status":"passed","message":"","name":"C:/Users/kikuzawa/Documents/git/wcstack/wcstack/packages/state/__tests__/applyChangeToAttribute.test.ts"},{"assertionResults":[{"ancestorTitles":["applyChangeToClass"],"fullName":"applyChangeToClass trueでクラスを付与できること","status":"passed","title":"trueでクラスを付与できること","duration":2.5049000000000206,"failureMessages":[],"meta":{}},{"ancestorTitles":["applyChangeToClass"],"fullName":"applyChangeToClass falseでクラスを削除できること","status":"passed","title":"falseでクラスを削除できること","duration":0.49700000000007094,"failureMessages":[],"meta":{}},{"ancestorTitles":["applyChangeToClass"],"fullName":"applyChangeToClass boolean以外はエラーになること","status":"passed","title":"boolean以外はエラーになること","duration":1.097099999999955,"failureMessages":[],"meta":{}}],"startTime":1769941779684,"endTime":1769941779689.0972,"status":"passed","message":"","name":"C:/Users/kikuzawa/Documents/git/wcstack/wcstack/packages/state/__tests__/applyChangeToClass.test.ts"},{"assertionResults":[{"ancestorTitles":["applyChangeToElement"],"fullName":"applyChangeToElement propSegmentが空の場合は何もしないこと","status":"passed","title":"propSegmentが空の場合は何もしないこと","duration":1.5533000000000357,"failureMessages":[],"meta":{}},{"ancestorTitles":["applyChangeToElement"],"fullName":"applyChangeToElement classを更新できること","status":"passed","title":"classを更新できること","duration":1.365099999999984,"failureMessages":[],"meta":{}},{"ancestorTitles":["applyChangeToElement"],"fullName":"applyChangeToElement attrを更新できること","status":"passed","title":"attrを更新できること","duration":0.21450000000004366,"failureMessages":[],"meta":{}},{"ancestorTitles":["applyChangeToElement"],"fullName":"applyChangeToElement styleを更新できること","status":"passed","title":"styleを更新できること","duration":1.7047000000000025,"failureMessages":[],"meta":{}},{"ancestorTitles":["applyChangeToElement"],"fullName":"applyChangeToElement プロパティを更新できること","status":"passed","title":"プロパティを更新できること","duration":0.6283000000000811,"failureMessages":[],"meta":{}},{"ancestorTitles":["applyChangeToElement"],"fullName":"applyChangeToElement サブオブジェクトを更新できること","status":"passed","title":"サブオブジェクトを更新できること","duration":0.19429999999988468,"failureMessages":[],"meta":{}}],"startTime":1769941778733,"endTime":1769941778738.6284,"status":"passed","message":"","name":"C:/Users/kikuzawa/Documents/git/wcstack/wcstack/packages/state/__tests__/applyChangeToElement.test.ts"},{"assertionResults":[{"ancestorTitles":["applyChangeToFor"],"fullName":"applyChangeToFor fragmentInfoが存在しない場合はエラーになること","status":"passed","title":"fragmentInfoが存在しない場合はエラーになること","duration":4.009500000000116,"failureMessages":[],"meta":{}},{"ancestorTitles":["applyChangeToFor"],"fullName":"applyChangeToFor stateElementが存在しない場合はエラーになること","status":"passed","title":"stateElementが存在しない場合はエラーになること","duration":3.8211999999998625,"failureMessages":[],"meta":{}},{"ancestorTitles":["applyChangeToFor"],"fullName":"applyChangeToFor listPathInfoがない場合はエラーになること","status":"passed","title":"listPathInfoがない場合はエラーになること","duration":0.5636000000001786,"failureMessages":[],"meta":{}},{"ancestorTitles":["applyChangeToFor"],"fullName":"applyChangeToFor 配列以外の値は空配列として扱われること","status":"passed","title":"配列以外の値は空配列として扱われること","duration":0.9289999999998599,"failureMessages":[],"meta":{}},{"ancestorTitles":["applyChangeToFor"],"fullName":"applyChangeToFor 空のフラグメントでもエラーにならないこと","status":"passed","title":"空のフラグメントでもエラーにならないこと","duration":2.317199999999957,"failureMessages":[],"meta":{}},{"ancestorTitles":["applyChangeToFor"],"fullName":"applyChangeToFor リストに応じてコンテンツを生成すること","status":"passed","title":"リストに応じてコンテンツを生成すること","duration":1.7596000000000913,"failureMessages":[],"meta":{}},{"ancestorTitles":["applyChangeToFor"],"fullName":"applyChangeToFor 再適用時に以前のコンテンツをアンマウントすること","status":"passed","title":"再適用時に以前のコンテンツをアンマウントすること","duration":0.6931999999999334,"failureMessages":[],"meta":{}}],"startTime":1769941777831,"endTime":1769941777845.693,"status":"passed","message":"","name":"C:/Users/kikuzawa/Documents/git/wcstack/wcstack/packages/state/__tests__/applyChangeToFor.test.ts"},{"assertionResults":[{"ancestorTitles":["applyChangeToIf"],"fullName":"applyChangeToIf UUIDに対応するfragmentInfoがない場合はエラーになること","status":"passed","title":"UUIDに対応するfragmentInfoがない場合はエラーになること","duration":2.333599999999933,"failureMessages":[],"meta":{}},{"ancestorTitles":["applyChangeToIf"],"fullName":"applyChangeToIf trueの場合はcontentがマウントされること","status":"passed","title":"trueの場合はcontentがマウントされること","duration":2.315399999999954,"failureMessages":[],"meta":{}},{"ancestorTitles":["applyChangeToIf"],"fullName":"applyChangeToIf falseの場合はcontentがマウントされないこと","status":"passed","title":"falseの場合はcontentがマウントされないこと","duration":0.22540000000003602,"failureMessages":[],"meta":{}},{"ancestorTitles":["applyChangeToIf"],"fullName":"applyChangeToIf true→falseでunmountが呼ばれること","status":"passed","title":"true→falseでunmountが呼ばれること","duration":0.23849999999993088,"failureMessages":[],"meta":{}},{"ancestorTitles":["applyChangeToIf"],"fullName":"applyChangeToIf 同じ値で連続呼び出しの場合は何もしないこと","status":"passed","title":"同じ値で連続呼び出しの場合は何もしないこと","duration":0.18640000000004875,"failureMessages":[],"meta":{}},{"ancestorTitles":["applyChangeToIf"],"fullName":"applyChangeToIf truthyな値はtrueとして扱われること","status":"passed","title":"truthyな値はtrueとして扱われること","duration":0.15530000000012478,"failureMessages":[],"meta":{}},{"ancestorTitles":["applyChangeToIf"],"fullName":"applyChangeToIf 初期化済みのcontent再マウント時にbindingsが適用されること","status":"passed","title":"初期化済みのcontent再マウント時にbindingsが適用されること","duration":0.40990000000010696,"failureMessages":[],"meta":{}}],"startTime":1769941777705,"endTime":1769941777711.41,"status":"passed","message":"","name":"C:/Users/kikuzawa/Documents/git/wcstack/wcstack/packages/state/__tests__/applyChangeToIf.test.ts"},{"assertionResults":[{"ancestorTitles":["applyChangeToProperty"],"fullName":"applyChangeToProperty 同じ値の場合は変更しないこと","status":"passed","title":"同じ値の場合は変更しないこと","duration":2.0451000000000477,"failureMessages":[],"meta":{}},{"ancestorTitles":["applyChangeToProperty"],"fullName":"applyChangeToProperty 値が異なる場合は更新すること","status":"passed","title":"値が異なる場合は更新すること","duration":0.20309999999994943,"failureMessages":[],"meta":{}}],"startTime":1769941779969,"endTime":1769941779972.2031,"status":"passed","message":"","name":"C:/Users/kikuzawa/Documents/git/wcstack/wcstack/packages/state/__tests__/applyChangeToProperty.test.ts"},{"assertionResults":[{"ancestorTitles":["applyChangeToStyle"],"fullName":"applyChangeToStyle 同じ値の場合は変更しないこと","status":"passed","title":"同じ値の場合は変更しないこと","duration":4.240500000000111,"failureMessages":[],"meta":{}},{"ancestorTitles":["applyChangeToStyle"],"fullName":"applyChangeToStyle 値が異なる場合は更新すること","status":"passed","title":"値が異なる場合は更新すること","duration":0.4936000000000149,"failureMessages":[],"meta":{}}],"startTime":1769941778795,"endTime":1769941778799.4937,"status":"passed","message":"","name":"C:/Users/kikuzawa/Documents/git/wcstack/wcstack/packages/state/__tests__/applyChangeToStyle.test.ts"},{"assertionResults":[{"ancestorTitles":["applyChangeToSubObject"],"fullName":"applyChangeToSubObject ネストしたプロパティを更新できること","status":"passed","title":"ネストしたプロパティを更新できること","duration":1.181600000000003,"failureMessages":[],"meta":{}},{"ancestorTitles":["applyChangeToSubObject"],"fullName":"applyChangeToSubObject 同じ値の場合は変更しないこと","status":"passed","title":"同じ値の場合は変更しないこと","duration":0.14610000000004675,"failureMessages":[],"meta":{}},{"ancestorTitles":["applyChangeToSubObject"],"fullName":"applyChangeToSubObject 途中のオブジェクトがnullの場合は何もしないこと","status":"passed","title":"途中のオブジェクトがnullの場合は何もしないこと","duration":0.2578000000000884,"failureMessages":[],"meta":{}}],"startTime":1769941780303,"endTime":1769941780304.2578,"status":"passed","message":"","name":"C:/Users/kikuzawa/Documents/git/wcstack/wcstack/packages/state/__tests__/applyChangeToSubObject.test.ts"},{"assertionResults":[{"ancestorTitles":["applyChangeToText"],"fullName":"applyChangeToText 同じ値の場合は変更しないこと","status":"passed","title":"同じ値の場合は変更しないこと","duration":1.469000000000051,"failureMessages":[],"meta":{}},{"ancestorTitles":["applyChangeToText"],"fullName":"applyChangeToText 値が異なる場合は更新すること","status":"passed","title":"値が異なる場合は更新すること","duration":0.2899999999999636,"failureMessages":[],"meta":{}}],"startTime":1769941779962,"endTime":1769941779963.469,"status":"passed","message":"","name":"C:/Users/kikuzawa/Documents/git/wcstack/wcstack/packages/state/__tests__/applyChangeToText.test.ts"},{"assertionResults":[{"ancestorTitles":["collectNodesAndBindingInfos"],"fullName":"collectNodesAndBindingInfos 購読ノードとバインディング情報を収集できること","status":"passed","title":"購読ノードとバインディング情報を収集できること","duration":3.9068999999999505,"failureMessages":[],"meta":{}},{"ancestorTitles":["collectNodesAndBindingInfos"],"fullName":"collectNodesAndBindingInfos fragmentからノードとバインディング情報を収集できること","status":"passed","title":"fragmentからノードとバインディング情報を収集できること","duration":0.9996999999998479,"failureMessages":[],"meta":{}},{"ancestorTitles":["collectNodesAndBindingInfos"],"fullName":"collectNodesAndBindingInfos fragment内にノードが見つからない場合はエラーになること","status":"passed","title":"fragment内にノードが見つからない場合はエラーになること","duration":0.7880999999999858,"failureMessages":[],"meta":{}}],"startTime":1769941777791,"endTime":1769941777796.788,"status":"passed","message":"","name":"C:/Users/kikuzawa/Documents/git/wcstack/wcstack/packages/state/__tests__/bindings.collectNodesAndBindingInfos.test.ts"},{"assertionResults":[{"ancestorTitles":["getBindingInfos"],"fullName":"getBindingInfos textバインディングの場合はreplaceNodeがTextになること","status":"passed","title":"textバインディングの場合はreplaceNodeがTextになること","duration":3.9759999999998854,"failureMessages":[],"meta":{}},{"ancestorTitles":["getBindingInfos"],"fullName":"getBindingInfos propバインディングの場合はreplaceNodeが要素になること","status":"passed","title":"propバインディングの場合はreplaceNodeが要素になること","duration":0.9641000000001441,"failureMessages":[],"meta":{}}],"startTime":1769941778947,"endTime":1769941778951.964,"status":"passed","message":"","name":"C:/Users/kikuzawa/Documents/git/wcstack/wcstack/packages/state/__tests__/bindings.getBindingInfos.test.ts"},{"assertionResults":[{"ancestorTitles":["bindings.getParseBindTextResults.fragment"],"fullName":"bindings.getParseBindTextResults.fragment 構造フラグメントUUIDが見つからない場合は埋め込みとして処理されること","status":"passed","title":"構造フラグメントUUIDが見つからない場合は埋め込みとして処理されること","duration":2.90930000000003,"failureMessages":[],"meta":{}},{"ancestorTitles":["bindings.getParseBindTextResults.fragment"],"fullName":"bindings.getParseBindTextResults.fragment 構造フラグメントUUIDがある場合はuuidが設定されること","status":"passed","title":"構造フラグメントUUIDがある場合はuuidが設定されること","duration":0.46879999999987376,"failureMessages":[],"meta":{}},{"ancestorTitles":["bindings.getParseBindTextResults.fragment"],"fullName":"bindings.getParseBindTextResults.fragment コメントのバインド文字列が見つからない場合はエラーになること","status":"passed","title":"コメントのバインド文字列が見つからない場合はエラーになること","duration":0.8207999999999629,"failureMessages":[],"meta":{}},{"ancestorTitles":["bindings.getParseBindTextResults.fragment"],"fullName":"bindings.getParseBindTextResults.fragment コメント/要素以外は空配列になること","status":"passed","title":"コメント/要素以外は空配列になること","duration":0.8994000000000142,"failureMessages":[],"meta":{}}],"startTime":1769941778742,"endTime":1769941778746.8994,"status":"passed","message":"","name":"C:/Users/kikuzawa/Documents/git/wcstack/wcstack/packages/state/__tests__/bindings.getParseBindTextResults.fragment.test.ts"},{"assertionResults":[{"ancestorTitles":["getParseBindTextResults"],"fullName":"getParseBindTextResults 要素ノードのbindTextをパースできること","status":"passed","title":"要素ノードのbindTextをパースできること","duration":3.744799999999941,"failureMessages":[],"meta":{}},{"ancestorTitles":["getParseBindTextResults"],"fullName":"getParseBindTextResults バインド属性がない要素ノードでは空配列を返すこと","status":"passed","title":"バインド属性がない要素ノードでは空配列を返すこと","duration":0.2658999999998741,"failureMessages":[],"meta":{}},{"ancestorTitles":["getParseBindTextResults"],"fullName":"getParseBindTextResults コメントノードの埋め込みバインドをパースできること","status":"passed","title":"コメントノードの埋め込みバインドをパースできること","duration":0.6041999999999916,"failureMessages":[],"meta":{}},{"ancestorTitles":["getParseBindTextResults"],"fullName":"getParseBindTextResults 構造バインディングのUUIDを取得できること","status":"passed","title":"構造バインディングのUUIDを取得できること","duration":0.5307999999999993,"failureMessages":[],"meta":{}}],"startTime":1769941778962,"endTime":1769941778966.6042,"status":"passed","message":"","name":"C:/Users/kikuzawa/Documents/git/wcstack/wcstack/packages/state/__tests__/bindings.getParseBindTextResults.test.ts"},{"assertionResults":[{"ancestorTitles":["getSubscriberNodes"],"fullName":"getSubscriberNodes data-bind-state属性とコメントノードを取得できること","status":"passed","title":"data-bind-state属性とコメントノードを取得できること","duration":3.686100000000124,"failureMessages":[],"meta":{}},{"ancestorTitles":["getSubscriberNodes"],"fullName":"getSubscriberNodes バインドがない要素やコメントは除外されること","status":"passed","title":"バインドがない要素やコメントは除外されること","duration":0.25499999999988177,"failureMessages":[],"meta":{}}],"startTime":1769941777596,"endTime":1769941777600.255,"status":"passed","message":"","name":"C:/Users/kikuzawa/Documents/git/wcstack/wcstack/packages/state/__tests__/bindings.getSubscriberNodes.test.ts"},{"assertionResults":[{"ancestorTitles":["initializeBindings"],"fullName":"initializeBindings コメントノードのtextバインディングを初期化できること","status":"passed","title":"コメントノードのtextバインディングを初期化できること","duration":3.855199999999968,"failureMessages":[],"meta":{}},{"ancestorTitles":["initializeBindings"],"fullName":"initializeBindings stateElementが存在しない場合はエラーになること","status":"passed","title":"stateElementが存在しない場合はエラーになること","duration":1.6141999999999825,"failureMessages":[],"meta":{}},{"ancestorTitles":["initializeBindings"],"fullName":"initializeBindings eventバインディングは登録処理をスキップすること","status":"passed","title":"eventバインディングは登録処理をスキップすること","duration":0.7677000000001044,"failureMessages":[],"meta":{}},{"ancestorTitles":["initializeBindings"],"fullName":"initializeBindings 同じstateElementに複数バインディングがある場合も処理されること","status":"passed","title":"同じstateElementに複数バインディングがある場合も処理されること","duration":1.0447999999998956,"failureMessages":[],"meta":{}},{"ancestorTitles":["initializeBindings"],"fullName":"initializeBindings fragment初期化でループコンテキストが設定されること","status":"passed","title":"fragment初期化でループコンテキストが設定されること","duration":1.2753999999999905,"failureMessages":[],"meta":{}}],"startTime":1769941777830,"endTime":1769941777839.2754,"status":"passed","message":"","name":"C:/Users/kikuzawa/Documents/git/wcstack/wcstack/packages/state/__tests__/bindings.initializeBindings.test.ts"},{"assertionResults":[{"ancestorTitles":["parseCommentNode"],"fullName":"parseCommentNode コメント以外のノードはnullになること","status":"passed","title":"コメント以外のノードはnullになること","duration":1.3649000000000342,"failureMessages":[],"meta":{}},{"ancestorTitles":["parseCommentNode"],"fullName":"parseCommentNode 埋め込みバインドのコメントを判定できること","status":"passed","title":"埋め込みバインドのコメントを判定できること","duration":0.4295000000001892,"failureMessages":[],"meta":{}},{"ancestorTitles":["parseCommentNode"],"fullName":"parseCommentNode 未知のキーワードはnullになること","status":"passed","title":"未知のキーワードはnullになること","duration":0.15579999999999927,"failureMessages":[],"meta":{}},{"ancestorTitles":["parseCommentNode"],"fullName":"parseCommentNode フォーマット不正はnullになること","status":"passed","title":"フォーマット不正はnullになること","duration":0.08370000000013533,"failureMessages":[],"meta":{}},{"ancestorTitles":["parseCommentNode","短縮形 @@:path"],"fullName":"parseCommentNode 短縮形 @@:path @@:path 形式をテキストバインディングとして認識すること","status":"passed","title":"@@:path 形式をテキストバインディングとして認識すること","duration":0.10560000000009495,"failureMessages":[],"meta":{}},{"ancestorTitles":["parseCommentNode","短縮形 @@:path"],"fullName":"parseCommentNode 短縮形 @@:path @@:path 形式でスペースを含む場合も認識すること","status":"passed","title":"@@:path 形式でスペースを含む場合も認識すること","duration":0.09230000000002292,"failureMessages":[],"meta":{}},{"ancestorTitles":["parseCommentNode","短縮形 @@:path"],"fullName":"parseCommentNode 短縮形 @@:path @@:path 形式でネストしたパスを認識すること","status":"passed","title":"@@:path 形式でネストしたパスを認識すること","duration":0.088799999999992,"failureMessages":[],"meta":{}},{"ancestorTitles":["parseCommentNode","短縮形 @@:path"],"fullName":"parseCommentNode 短縮形 @@:path @@:path 形式でフィルター付きパスを認識すること","status":"passed","title":"@@:path 形式でフィルター付きパスを認識すること","duration":0.09390000000007603,"failureMessages":[],"meta":{}},{"ancestorTitles":["parseCommentNode","他のバインディングタイプ"],"fullName":"parseCommentNode 他のバインディングタイプ wcs-for を認識すること","status":"passed","title":"wcs-for を認識すること","duration":0.20010000000002037,"failureMessages":[],"meta":{}},{"ancestorTitles":["parseCommentNode","他のバインディングタイプ"],"fullName":"parseCommentNode 他のバインディングタイプ wcs-if を認識すること","status":"passed","title":"wcs-if を認識すること","duration":0.23659999999995307,"failureMessages":[],"meta":{}},{"ancestorTitles":["parseCommentNode","他のバインディングタイプ"],"fullName":"parseCommentNode 他のバインディングタイプ wcs-elseif を認識すること","status":"passed","title":"wcs-elseif を認識すること","duration":0.14699999999993452,"failureMessages":[],"meta":{}},{"ancestorTitles":["parseCommentNode","他のバインディングタイプ"],"fullName":"parseCommentNode 他のバインディングタイプ wcs-else を認識すること","status":"passed","title":"wcs-else を認識すること","duration":0.1614999999999327,"failureMessages":[],"meta":{}}],"startTime":1769941778874,"endTime":1769941778878.2366,"status":"passed","message":"","name":"C:/Users/kikuzawa/Documents/git/wcstack/wcstack/packages/state/__tests__/bindings.isCommentNode.test.ts"},{"assertionResults":[{"ancestorTitles":["isPossibleTwoWay"],"fullName":"isPossibleTwoWay input:text の value はtrue","status":"passed","title":"input:text の value はtrue","duration":2.057700000000068,"failureMessages":[],"meta":{}},{"ancestorTitles":["isPossibleTwoWay"],"fullName":"isPossibleTwoWay input:checkbox の checked はtrue","status":"passed","title":"input:checkbox の checked はtrue","duration":0.2477000000001226,"failureMessages":[],"meta":{}},{"ancestorTitles":["isPossibleTwoWay"],"fullName":"isPossibleTwoWay input:radio の checked はtrue","status":"passed","title":"input:radio の checked はtrue","duration":0.12079999999991742,"failureMessages":[],"meta":{}},{"ancestorTitles":["isPossibleTwoWay"],"fullName":"isPossibleTwoWay input:button はfalse","status":"passed","title":"input:button はfalse","duration":0.1048000000000684,"failureMessages":[],"meta":{}},{"ancestorTitles":["isPossibleTwoWay"],"fullName":"isPossibleTwoWay inputでtype指定がない場合はtext扱いになること","status":"passed","title":"inputでtype指定がない場合はtext扱いになること","duration":0.08809999999994034,"failureMessages":[],"meta":{}},{"ancestorTitles":["isPossibleTwoWay"],"fullName":"isPossibleTwoWay inputのvalueAsNumber/valueAsDateはtrue","status":"passed","title":"inputのvalueAsNumber/valueAsDateはtrue","duration":0.11429999999995744,"failureMessages":[],"meta":{}},{"ancestorTitles":["isPossibleTwoWay"],"fullName":"isPossibleTwoWay inputでも対象外のpropはfalse","status":"passed","title":"inputでも対象外のpropはfalse","duration":0.09040000000004511,"failureMessages":[],"meta":{}},{"ancestorTitles":["isPossibleTwoWay"],"fullName":"isPossibleTwoWay select の value はtrue","status":"passed","title":"select の value はtrue","duration":0.5372999999999593,"failureMessages":[],"meta":{}},{"ancestorTitles":["isPossibleTwoWay"],"fullName":"isPossibleTwoWay textarea の value はtrue","status":"passed","title":"textarea の value はtrue","duration":0.2052000000001044,"failureMessages":[],"meta":{}},{"ancestorTitles":["isPossibleTwoWay"],"fullName":"isPossibleTwoWay 非Elementノードはfalse","status":"passed","title":"非Elementノードはfalse","duration":0.22829999999999018,"failureMessages":[],"meta":{}}],"startTime":1769941778780,"endTime":1769941778783.5374,"status":"passed","message":"","name":"C:/Users/kikuzawa/Documents/git/wcstack/wcstack/packages/state/__tests__/bindings.isPossibleTwoWay.test.ts"},{"assertionResults":[{"ancestorTitles":["replaceToReplaceNode"],"fullName":"replaceToReplaceNode ノードをreplaceNodeに置き換えること","status":"passed","title":"ノードをreplaceNodeに置き換えること","duration":2.9645000000000437,"failureMessages":[],"meta":{}},{"ancestorTitles":["replaceToReplaceNode"],"fullName":"replaceToReplaceNode nodeとreplaceNodeが同じ場合は何もしないこと","status":"passed","title":"nodeとreplaceNodeが同じ場合は何もしないこと","duration":0.38789999999994507,"failureMessages":[],"meta":{}},{"ancestorTitles":["replaceToReplaceNode"],"fullName":"replaceToReplaceNode nodeに親がない場合は何もしないこと","status":"passed","title":"nodeに親がない場合は何もしないこと","duration":0.2136999999999034,"failureMessages":[],"meta":{}}],"startTime":1769941779880,"endTime":1769941779884.388,"status":"passed","message":"","name":"C:/Users/kikuzawa/Documents/git/wcstack/wcstack/packages/state/__tests__/bindings.replaceToComment.test.ts"},{"assertionResults":[{"ancestorTitles":["replaceToReplaceNode"],"fullName":"replaceToReplaceNode ノードをreplaceNodeに置き換えること","status":"passed","title":"ノードをreplaceNodeに置き換えること","duration":2.9378999999998996,"failureMessages":[],"meta":{}},{"ancestorTitles":["replaceToReplaceNode"],"fullName":"replaceToReplaceNode nodeとreplaceNodeが同じ場合は何もしないこと","status":"passed","title":"nodeとreplaceNodeが同じ場合は何もしないこと","duration":0.2719999999999345,"failureMessages":[],"meta":{}},{"ancestorTitles":["replaceToReplaceNode"],"fullName":"replaceToReplaceNode nodeに親がない場合は何もしないこと","status":"passed","title":"nodeに親がない場合は何もしないこと","duration":0.1374999999998181,"failureMessages":[],"meta":{}}],"startTime":1769941779928,"endTime":1769941779932.1375,"status":"passed","message":"","name":"C:/Users/kikuzawa/Documents/git/wcstack/wcstack/packages/state/__tests__/bindings.replaceToReplaceNode.test.ts"},{"assertionResults":[{"ancestorTitles":["bindingsByContent"],"fullName":"bindingsByContent 未登録のcontentは空配列を返すこと","status":"passed","title":"未登録のcontentは空配列を返すこと","duration":1.6607000000000198,"failureMessages":[],"meta":{}},{"ancestorTitles":["bindingsByContent"],"fullName":"bindingsByContent setBindingsByContentで登録したbindingsが取得できること","status":"passed","title":"setBindingsByContentで登録したbindingsが取得できること","duration":0.5449999999999591,"failureMessages":[],"meta":{}},{"ancestorTitles":["bindingsByContent"],"fullName":"bindingsByContent contentごとに独立して保持されること","status":"passed","title":"contentごとに独立して保持されること","duration":0.16370000000006257,"failureMessages":[],"meta":{}}],"startTime":1769941779919,"endTime":1769941779921.545,"status":"passed","message":"","name":"C:/Users/kikuzawa/Documents/git/wcstack/wcstack/packages/state/__tests__/bindingsByContent.test.ts"},{"assertionResults":[{"ancestorTitles":["parseBindTextForEmbeddedNode"],"fullName":"parseBindTextForEmbeddedNode textバインディングとしてパースできること","status":"passed","title":"textバインディングとしてパースできること","duration":1.3242999999999938,"failureMessages":[],"meta":{}}],"startTime":1769941780304,"endTime":1769941780305.3242,"status":"passed","message":"","name":"C:/Users/kikuzawa/Documents/git/wcstack/wcstack/packages/state/__tests__/bindTextParser.parseBindTextForEmbeddedNode.test.ts"},{"assertionResults":[{"ancestorTitles":["parseBindTextsForElement"],"fullName":"parseBindTextsForElement propバインディングをパースできること","status":"passed","title":"propバインディングをパースできること","duration":2.3786999999999807,"failureMessages":[],"meta":{}},{"ancestorTitles":["parseBindTextsForElement"],"fullName":"parseBindTextsForElement eventバインディングをパースできること","status":"passed","title":"eventバインディングをパースできること","duration":0.25520000000005894,"failureMessages":[],"meta":{}},{"ancestorTitles":["parseBindTextsForElement"],"fullName":"parseBindTextsForElement ifバインディングをパースできること","status":"passed","title":"ifバインディングをパースできること","duration":0.179300000000012,"failureMessages":[],"meta":{}},{"ancestorTitles":["parseBindTextsForElement"],"fullName":"parseBindTextsForElement elseバインディングをパースできること","status":"passed","title":"elseバインディングをパースできること","duration":0.20699999999987995,"failureMessages":[],"meta":{}},{"ancestorTitles":["parseBindTextsForElement"],"fullName":"parseBindTextsForElement forバインディングをパースできること","status":"passed","title":"forバインディングをパースできること","duration":0.24729999999999563,"failureMessages":[],"meta":{}},{"ancestorTitles":["parseBindTextsForElement"],"fullName":"parseBindTextsForElement elseifバインディングをパースできること","status":"passed","title":"elseifバインディングをパースできること","duration":0.155699999999797,"failureMessages":[],"meta":{}},{"ancestorTitles":["parseBindTextsForElement"],"fullName":"parseBindTextsForElement 区切り文字がない場合はエラーになること","status":"passed","title":"区切り文字がない場合はエラーになること","duration":0.7617999999999938,"failureMessages":[],"meta":{}},{"ancestorTitles":["parseBindTextsForElement"],"fullName":"parseBindTextsForElement 構造バインディングが複数ある場合はエラーになること","status":"passed","title":"構造バインディングが複数ある場合はエラーになること","duration":0.21279999999978827,"failureMessages":[],"meta":{}},{"ancestorTitles":["parseBindTextsForElement"],"fullName":"parseBindTextsForElement 構造バインディングが含まれない複数指定は許可されること","status":"passed","title":"構造バインディングが含まれない複数指定は許可されること","duration":0.1792000000000371,"failureMessages":[],"meta":{}}],"startTime":1769941778824,"endTime":1769941778829.1792,"status":"passed","message":"","name":"C:/Users/kikuzawa/Documents/git/wcstack/wcstack/packages/state/__tests__/bindTextParser.parseBindTextsForElement.test.ts"},{"assertionResults":[{"ancestorTitles":["parseFilterArgs","基本的なパース"],"fullName":"parseFilterArgs 基本的なパース 単一の引数をパースできること","status":"passed","title":"単一の引数をパースできること","duration":1.8492999999998574,"failureMessages":[],"meta":{}},{"ancestorTitles":["parseFilterArgs","基本的なパース"],"fullName":"parseFilterArgs 基本的なパース 複数の引数をパースできること","status":"passed","title":"複数の引数をパースできること","duration":0.20879999999988286,"failureMessages":[],"meta":{}},{"ancestorTitles":["parseFilterArgs","基本的なパース"],"fullName":"parseFilterArgs 基本的なパース 空文字列は空配列を返すこと","status":"passed","title":"空文字列は空配列を返すこと","duration":0.10130000000003747,"failureMessages":[],"meta":{}},{"ancestorTitles":["parseFilterArgs","基本的なパース"],"fullName":"parseFilterArgs 基本的なパース 引数の前後の空白をトリムすること","status":"passed","title":"引数の前後の空白をトリムすること","duration":0.0987999999999829,"failureMessages":[],"meta":{}},{"ancestorTitles":["parseFilterArgs","ダブルクォート"],"fullName":"parseFilterArgs ダブルクォート ダブルクォートで囲まれた文字列をパースできること","status":"passed","title":"ダブルクォートで囲まれた文字列をパースできること","duration":0.1951000000001386,"failureMessages":[],"meta":{}},{"ancestorTitles":["parseFilterArgs","ダブルクォート"],"fullName":"parseFilterArgs ダブルクォート ダブルクォート内のカンマを保持できること","status":"passed","title":"ダブルクォート内のカンマを保持できること","duration":0.16079999999988104,"failureMessages":[],"meta":{}},{"ancestorTitles":["parseFilterArgs","ダブルクォート"],"fullName":"parseFilterArgs ダブルクォート ダブルクォート内のスペースを保持できること","status":"passed","title":"ダブルクォート内のスペースを保持できること","duration":0.21029999999996107,"failureMessages":[],"meta":{}},{"ancestorTitles":["parseFilterArgs","ダブルクォート"],"fullName":"parseFilterArgs ダブルクォート ダブルクォートと通常引数を混在できること","status":"passed","title":"ダブルクォートと通常引数を混在できること","duration":0.11649999999985994,"failureMessages":[],"meta":{}},{"ancestorTitles":["parseFilterArgs","シングルクォート"],"fullName":"parseFilterArgs シングルクォート シングルクォートで囲まれた文字列をパースできること","status":"passed","title":"シングルクォートで囲まれた文字列をパースできること","duration":0.11340000000018335,"failureMessages":[],"meta":{}},{"ancestorTitles":["parseFilterArgs","シングルクォート"],"fullName":"parseFilterArgs シングルクォート シングルクォート内のカンマを保持できること","status":"passed","title":"シングルクォート内のカンマを保持できること","duration":0.09300000000007458,"failureMessages":[],"meta":{}},{"ancestorTitles":["parseFilterArgs","シングルクォート"],"fullName":"parseFilterArgs シングルクォート シングルクォート内のダブルクォートを保持できること","status":"passed","title":"シングルクォート内のダブルクォートを保持できること","duration":0.10239999999998872,"failureMessages":[],"meta":{}},{"ancestorTitles":["parseFilterArgs","混合ケース"],"fullName":"parseFilterArgs 混合ケース 複数のクォート付き引数をパースできること","status":"passed","title":"複数のクォート付き引数をパースできること","duration":0.09239999999999782,"failureMessages":[],"meta":{}},{"ancestorTitles":["parseFilterArgs","混合ケース"],"fullName":"parseFilterArgs 混合ケース クォートなし、ダブルクォート、シングルクォートを混在できること","status":"passed","title":"クォートなし、ダブルクォート、シングルクォートを混在できること","duration":0.18859999999995125,"failureMessages":[],"meta":{}},{"ancestorTitles":["parseFilterArgs","混合ケース"],"fullName":"parseFilterArgs 混合ケース 空のクォート文字列を扱えること","status":"passed","title":"空のクォート文字列を扱えること","duration":0.1092999999998483,"failureMessages":[],"meta":{}},{"ancestorTitles":["parseFilterArgs","混合ケース"],"fullName":"parseFilterArgs 混合ケース クォート外の空要素も含まれること","status":"passed","title":"クォート外の空要素も含まれること","duration":0.10159999999996217,"failureMessages":[],"meta":{}},{"ancestorTitles":["parseFilterArgs","エッジケース"],"fullName":"parseFilterArgs エッジケース カンマのみの場合は空文字列を返すこと","status":"passed","title":"カンマのみの場合は空文字列を返すこと","duration":0.29949999999985266,"failureMessages":[],"meta":{}},{"ancestorTitles":["parseFilterArgs","エッジケース"],"fullName":"parseFilterArgs エッジケース 複数のカンマのみの場合は空文字列を返すこと","status":"passed","title":"複数のカンマのみの場合は空文字列を返すこと","duration":0.18669999999997344,"failureMessages":[],"meta":{}},{"ancestorTitles":["parseFilterArgs","エッジケース"],"fullName":"parseFilterArgs エッジケース 数値文字列をそのまま返すこと","status":"passed","title":"数値文字列をそのまま返すこと","duration":0.10799999999994725,"failureMessages":[],"meta":{}},{"ancestorTitles":["parseFilterArgs","エッジケース"],"fullName":"parseFilterArgs エッジケース 負の数値文字列をそのまま返すこと","status":"passed","title":"負の数値文字列をそのまま返すこと","duration":0.09200000000009823,"failureMessages":[],"meta":{}}],"startTime":1769941778890,"endTime":1769941778895.108,"status":"passed","message":"","name":"C:/Users/kikuzawa/Documents/git/wcstack/wcstack/packages/state/__tests__/bindTextParser.parseFilterArgs.test.ts"},{"assertionResults":[{"ancestorTitles":["parseFilters"],"fullName":"parseFilters 引数なしのフィルターをパースできること","status":"passed","title":"引数なしのフィルターをパースできること","duration":2.008000000000038,"failureMessages":[],"meta":{}},{"ancestorTitles":["parseFilters"],"fullName":"parseFilters 引数ありのフィルターをパースできること","status":"passed","title":"引数ありのフィルターをパースできること","duration":0.3351000000000113,"failureMessages":[],"meta":{}},{"ancestorTitles":["parseFilters"],"fullName":"parseFilters 複数引数のフィルターをパースできること","status":"passed","title":"複数引数のフィルターをパースできること","duration":0.17650000000003274,"failureMessages":[],"meta":{}},{"ancestorTitles":["parseFilters"],"fullName":"parseFilters 複数のフィルターをパースできること","status":"passed","title":"複数のフィルターをパースできること","duration":0.19190000000003238,"failureMessages":[],"meta":{}},{"ancestorTitles":["parseFilters"],"fullName":"parseFilters 閉じ括弧がない場合はエラーになること","status":"passed","title":"閉じ括弧がない場合はエラーになること","duration":0.8109000000000606,"failureMessages":[],"meta":{}},{"ancestorTitles":["parseFilters"],"fullName":"parseFilters 開き括弧がない場合はエラーになること","status":"passed","title":"開き括弧がない場合はエラーになること","duration":0.14870000000007622,"failureMessages":[],"meta":{}},{"ancestorTitles":["parseFilters"],"fullName":"parseFilters フィルター関数が実行可能であること","status":"passed","title":"フィルター関数が実行可能であること","duration":0.08960000000001855,"failureMessages":[],"meta":{}},{"ancestorTitles":["parseFilters"],"fullName":"parseFilters チェーンしたフィルターが正しく動作すること","status":"passed","title":"チェーンしたフィルターが正しく動作すること","duration":0.10059999999998581,"failureMessages":[],"meta":{}},{"ancestorTitles":["parseFilters"],"fullName":"parseFilters ダブルクォート内のカンマを正しく扱えること","status":"passed","title":"ダブルクォート内のカンマを正しく扱えること","duration":0.14760000000001128,"failureMessages":[],"meta":{}},{"ancestorTitles":["parseFilters"],"fullName":"parseFilters シングルクォート内のカンマを正しく扱えること","status":"passed","title":"シングルクォート内のカンマを正しく扱えること","duration":0.10199999999997544,"failureMessages":[],"meta":{}},{"ancestorTitles":["parseFilters"],"fullName":"parseFilters クォートなしとクォートありの引数を混在できること","status":"passed","title":"クォートなしとクォートありの引数を混在できること","duration":0.08140000000003056,"failureMessages":[],"meta":{}},{"ancestorTitles":["parseFilters"],"fullName":"parseFilters クォート付き引数と通常引数を混在できること","status":"passed","title":"クォート付き引数と通常引数を混在できること","duration":0.12170000000003256,"failureMessages":[],"meta":{}}],"startTime":1769941779567,"endTime":1769941779572.1477,"status":"passed","message":"","name":"C:/Users/kikuzawa/Documents/git/wcstack/wcstack/packages/state/__tests__/bindTextParser.parseFilters.test.ts"},{"assertionResults":[{"ancestorTitles":["parsePropPart"],"fullName":"parsePropPart 単一プロパティをパースできること","status":"passed","title":"単一プロパティをパースできること","duration":2.313000000000102,"failureMessages":[],"meta":{}},{"ancestorTitles":["parsePropPart"],"fullName":"parsePropPart 修飾子をパースできること","status":"passed","title":"修飾子をパースできること","duration":0.2218000000000302,"failureMessages":[],"meta":{}},{"ancestorTitles":["parsePropPart"],"fullName":"parsePropPart ドット区切りのプロパティをパースできること","status":"passed","title":"ドット区切りのプロパティをパースできること","duration":0.13669999999990523,"failureMessages":[],"meta":{}},{"ancestorTitles":["parsePropPart"],"fullName":"parsePropPart トリムが効くこと","status":"passed","title":"トリムが効くこと","duration":0.14369999999996708,"failureMessages":[],"meta":{}}],"startTime":1769941779810,"endTime":1769941779813.2217,"status":"passed","message":"","name":"C:/Users/kikuzawa/Documents/git/wcstack/wcstack/packages/state/__tests__/bindTextParser.parsePropPart.test.ts"},{"assertionResults":[{"ancestorTitles":["parseStatePart"],"fullName":"parseStatePart statePathのみをパースできること","status":"passed","title":"statePathのみをパースできること","duration":3.095800000000054,"failureMessages":[],"meta":{}},{"ancestorTitles":["parseStatePart"],"fullName":"parseStatePart stateNameをパースできること","status":"passed","title":"stateNameをパースできること","duration":0.23019999999996799,"failureMessages":[],"meta":{}},{"ancestorTitles":["parseStatePart"],"fullName":"parseStatePart フィルタをパースできること","status":"passed","title":"フィルタをパースできること","duration":0.7397999999998319,"failureMessages":[],"meta":{}},{"ancestorTitles":["parseStatePart"],"fullName":"parseStatePart トリムが効くこと","status":"passed","title":"トリムが効くこと","duration":0.20010000000002037,"failureMessages":[],"meta":{}},{"ancestorTitles":["parseStatePart"],"fullName":"parseStatePart 同じフィルタ文字列はキャッシュされること","status":"passed","title":"同じフィルタ文字列はキャッシュされること","duration":0.12220000000002074,"failureMessages":[],"meta":{}}],"startTime":1769941779001,"endTime":1769941779006.2002,"status":"passed","message":"","name":"C:/Users/kikuzawa/Documents/git/wcstack/wcstack/packages/state/__tests__/bindTextParser.parseStatePart.test.ts"},{"assertionResults":[{"ancestorTitles":["trimFn"],"fullName":"trimFn 前後の空白をトリムすること","status":"passed","title":"前後の空白をトリムすること","duration":0.7652000000000498,"failureMessages":[],"meta":{}}],"startTime":1769941780403,"endTime":1769941780403.7651,"status":"passed","message":"","name":"C:/Users/kikuzawa/Documents/git/wcstack/wcstack/packages/state/__tests__/bindTextParser.utils.test.ts"},{"assertionResults":[{"ancestorTitles":["State component"],"fullName":"State component 初期状態でcreateStateがエラーになること","status":"passed","title":"初期状態でcreateStateがエラーになること","duration":2.6715999999998985,"failureMessages":[],"meta":{}},{"ancestorTitles":["State component"],"fullName":"State component connectedCallbackで初期化されること（スクリプトなし）","status":"passed","title":"connectedCallbackで初期化されること（スクリプトなし）","duration":1.9321999999999662,"failureMessages":[],"meta":{}},{"ancestorTitles":["State component"],"fullName":"State component connectedCallbackは2回目以降何もしないこと","status":"passed","title":"connectedCallbackは2回目以降何もしないこと","duration":0.20660000000020773,"failureMessages":[],"meta":{}},{"ancestorTitles":["State component"],"fullName":"State component connectedCallbackで内包スクリプトを読み込めること","status":"passed","title":"connectedCallbackで内包スクリプトを読み込めること","duration":1.5095000000001164,"failureMessages":[],"meta":{}},{"ancestorTitles":["State component"],"fullName":"State component name属性変更で登録が更新されること","status":"passed","title":"name属性変更で登録が更新されること","duration":0.5941000000000258,"failureMessages":[],"meta":{}},{"ancestorTitles":["State component"],"fullName":"State component name getterで現在の名前を取得できること","status":"passed","title":"name getterで現在の名前を取得できること","duration":0.13619999999991705,"failureMessages":[],"meta":{}},{"ancestorTitles":["State component"],"fullName":"State component state属性でスクリプトJSONを読み込めること","status":"passed","title":"state属性でスクリプトJSONを読み込めること","duration":1.3657000000000608,"failureMessages":[],"meta":{}},{"ancestorTitles":["State component"],"fullName":"State component state属性が設定済みの場合はinitializeで読み込みをスキップすること","status":"passed","title":"state属性が設定済みの場合はinitializeで読み込みをスキップすること","duration":0.3007000000000062,"failureMessages":[],"meta":{}},{"ancestorTitles":["State component"],"fullName":"State component state属性は2回目の変更でエラーになること","status":"passed","title":"state属性は2回目の変更でエラーになること","duration":0.21659999999997126,"failureMessages":[],"meta":{}},{"ancestorTitles":["State component"],"fullName":"State component src属性はロード済みの場合エラーになること","status":"passed","title":"src属性はロード済みの場合エラーになること","duration":0.27710000000001855,"failureMessages":[],"meta":{}},{"ancestorTitles":["State component"],"fullName":"State component src属性でjsonを読み込めること","status":"passed","title":"src属性でjsonを読み込めること","duration":3.1505999999999403,"failureMessages":[],"meta":{}},{"ancestorTitles":["State component"],"fullName":"State component src属性でjsを読み込めること","status":"passed","title":"src属性でjsを読み込めること","duration":6.030700000000024,"failureMessages":[],"meta":{}},{"ancestorTitles":["State component"],"fullName":"State component src属性の拡張子が不正な場合はエラーになること","status":"passed","title":"src属性の拡張子が不正な場合はエラーになること","duration":0.29949999999985266,"failureMessages":[],"meta":{}},{"ancestorTitles":["State component"],"fullName":"State component srcロード中は変更できないこと","status":"passed","title":"srcロード中は変更できないこと","duration":0.20500000000015461,"failureMessages":[],"meta":{}},{"ancestorTitles":["State component"],"fullName":"State component state属性はロード中に変更できないこと","status":"passed","title":"state属性はロード中に変更できないこと","duration":0.17350000000010368,"failureMessages":[],"meta":{}},{"ancestorTitles":["State component"],"fullName":"State component createState呼び出しごとにproxyが作成されること","status":"passed","title":"createState呼び出しごとにproxyが作成されること","duration":0.20080000000007203,"failureMessages":[],"meta":{}},{"ancestorTitles":["State component"],"fullName":"State component getterを持つstateはgetterPathsに追加されること","status":"passed","title":"getterを持つstateはgetterPathsに追加されること","duration":0.15059999999994034,"failureMessages":[],"meta":{}},{"ancestorTitles":["State component"],"fullName":"State component setterを持つstateはsetterPathsに追加されること","status":"passed","title":"setterを持つstateはsetterPathsに追加されること","duration":0.1349999999999909,"failureMessages":[],"meta":{}},{"ancestorTitles":["State component"],"fullName":"State component createStateAsyncで非同期コールバックを実行できること","status":"passed","title":"createStateAsyncで非同期コールバックを実行できること","duration":0.18450000000007094,"failureMessages":[],"meta":{}},{"ancestorTitles":["State component"],"fullName":"State component 各種getterが取得できること","status":"passed","title":"各種getterが取得できること","duration":0.4334999999998672,"failureMessages":[],"meta":{}},{"ancestorTitles":["State component"],"fullName":"State component addBindingInfoで登録とlistPathsが更新されること","status":"passed","title":"addBindingInfoで登録とlistPathsが更新されること","duration":0.6919000000000324,"failureMessages":[],"meta":{}},{"ancestorTitles":["State component"],"fullName":"State component addBindingInfoの再登録で配列に追加されること","status":"passed","title":"addBindingInfoの再登録で配列に追加されること","duration":0.3343999999999596,"failureMessages":[],"meta":{}},{"ancestorTitles":["State component"],"fullName":"State component addBindingInfoで親パスの静的依存が登録されること","status":"passed","title":"addBindingInfoで親パスの静的依存が登録されること","duration":0.4574999999999818,"failureMessages":[],"meta":{}},{"ancestorTitles":["State component"],"fullName":"State component addStaticDependencyとaddDynamicDependencyが重複を防ぐこと","status":"passed","title":"addStaticDependencyとaddDynamicDependencyが重複を防ぐこと","duration":0.22349999999983083,"failureMessages":[],"meta":{}},{"ancestorTitles":["State component"],"fullName":"State component deleteBindingInfoで登録が削除されること","status":"passed","title":"deleteBindingInfoで登録が削除されること","duration":0.508600000000115,"failureMessages":[],"meta":{}},{"ancestorTitles":["State component"],"fullName":"State component nextVersionでバージョンがインクリメントされること","status":"passed","title":"nextVersionでバージョンがインクリメントされること","duration":0.13599999999996726,"failureMessages":[],"meta":{}},{"ancestorTitles":["State component"],"fullName":"State component disconnectedCallbackで登録が解除されること","status":"passed","title":"disconnectedCallbackで登録が解除されること","duration":0.11879999999996471,"failureMessages":[],"meta":{}},{"ancestorTitles":["State component"],"fullName":"State component 内包スクリプト読み込み失敗時はエラーになること","status":"passed","title":"内包スクリプト読み込み失敗時はエラーになること","duration":0.6311000000000604,"failureMessages":[],"meta":{}}],"startTime":1769941777715,"endTime":1769941777738.631,"status":"passed","message":"","name":"C:/Users/kikuzawa/Documents/git/wcstack/wcstack/packages/state/__tests__/components.State.test.ts"},{"assertionResults":[{"ancestorTitles":["event/handler"],"fullName":"event/handler attachEventHandlerはon*以外でfalseを返すこと","status":"passed","title":"attachEventHandlerはon*以外でfalseを返すこと","duration":1.3300999999999021,"failureMessages":[],"meta":{}},{"ancestorTitles":["event/handler"],"fullName":"event/handler 同じキーのハンドラを共有すること","status":"passed","title":"同じキーのハンドラを共有すること","duration":2.0994000000000597,"failureMessages":[],"meta":{}},{"ancestorTitles":["event/handler"],"fullName":"event/handler detachEventHandlerでイベント解除できること","status":"passed","title":"detachEventHandlerでイベント解除できること","duration":2.6760999999999058,"failureMessages":[],"meta":{}},{"ancestorTitles":["event/handler"],"fullName":"event/handler detachEventHandlerはon*以外でfalseを返すこと","status":"passed","title":"detachEventHandlerはon*以外でfalseを返すこと","duration":0.24479999999994106,"failureMessages":[],"meta":{}},{"ancestorTitles":["event/handler"],"fullName":"event/handler bindingInfoSetが存在しない場合はfalseを返すこと","status":"passed","title":"bindingInfoSetが存在しない場合はfalseを返すこと","duration":0.24530000000004293,"failureMessages":[],"meta":{}},{"ancestorTitles":["event/handler"],"fullName":"event/handler 複数バインディング時に1つ解除してもハンドラが残ること","status":"passed","title":"複数バインディング時に1つ解除してもハンドラが残ること","duration":0.25030000000015207,"failureMessages":[],"meta":{}},{"ancestorTitles":["event/handler"],"fullName":"event/handler stateElementが存在しない場合はハンドラでエラーになること","status":"passed","title":"stateElementが存在しない場合はハンドラでエラーになること","duration":3.7207999999998265,"failureMessages":[],"meta":{}},{"ancestorTitles":["event/handler"],"fullName":"event/handler stateのハンドラが関数でない場合はエラーになること","status":"passed","title":"stateのハンドラが関数でない場合はエラーになること","duration":1.7031999999999243,"failureMessages":[],"meta":{}},{"ancestorTitles":["event/handler"],"fullName":"event/handler stateのハンドラが呼び出されること","status":"passed","title":"stateのハンドラが呼び出されること","duration":0.6708000000000993,"failureMessages":[],"meta":{}}],"startTime":1769941777834,"endTime":1769941777847.671,"status":"passed","message":"","name":"C:/Users/kikuzawa/Documents/git/wcstack/wcstack/packages/state/__tests__/event.handler.test.ts"},{"assertionResults":[{"ancestorTitles":["event/twowayHandler"],"fullName":"event/twowayHandler two-way対象でイベントを登録できること","status":"passed","title":"two-way対象でイベントを登録できること","duration":5.017000000000053,"failureMessages":[],"meta":{}},{"ancestorTitles":["event/twowayHandler"],"fullName":"event/twowayHandler modifierでイベント名を変更できること","status":"passed","title":"modifierでイベント名を変更できること","duration":0.4411999999999807,"failureMessages":[],"meta":{}},{"ancestorTitles":["event/twowayHandler"],"fullName":"event/twowayHandler on以外の修飾子はイベント名に影響しないこと","status":"passed","title":"on以外の修飾子はイベント名に影響しないこと","duration":0.19719999999983884,"failureMessages":[],"meta":{}},{"ancestorTitles":["event/twowayHandler"],"fullName":"event/twowayHandler 同じキーならハンドラを共有すること","status":"passed","title":"同じキーならハンドラを共有すること","duration":0.20649999999977808,"failureMessages":[],"meta":{}},{"ancestorTitles":["event/twowayHandler"],"fullName":"event/twowayHandler detachTwowayEventHandlerで解除できること","status":"passed","title":"detachTwowayEventHandlerで解除できること","duration":0.4617000000000644,"failureMessages":[],"meta":{}},{"ancestorTitles":["event/twowayHandler"],"fullName":"event/twowayHandler two-way対象外はfalseを返すこと","status":"passed","title":"two-way対象外はfalseを返すこと","duration":0.185799999999972,"failureMessages":[],"meta":{}},{"ancestorTitles":["event/twowayHandler"],"fullName":"event/twowayHandler detachでtwo-way対象外ならfalseを返すこと","status":"passed","title":"detachでtwo-way対象外ならfalseを返すこと","duration":0.09280000000012478,"failureMessages":[],"meta":{}},{"ancestorTitles":["event/twowayHandler"],"fullName":"event/twowayHandler select要素はchangeイベントを使うこと","status":"passed","title":"select要素はchangeイベントを使うこと","duration":0.738399999999956,"failureMessages":[],"meta":{}},{"ancestorTitles":["event/twowayHandler"],"fullName":"event/twowayHandler ro修飾子がある場合は登録しないこと","status":"passed","title":"ro修飾子がある場合は登録しないこと","duration":0.1673000000000684,"failureMessages":[],"meta":{}},{"ancestorTitles":["event/twowayHandler"],"fullName":"event/twowayHandler イベントハンドラでstateに値を反映すること","status":"passed","title":"イベントハンドラでstateに値を反映すること","duration":1.5544999999999618,"failureMessages":[],"meta":{}},{"ancestorTitles":["event/twowayHandler"],"fullName":"event/twowayHandler event.targetがundefinedなら警告して終了すること","status":"passed","title":"event.targetがundefinedなら警告して終了すること","duration":0.260300000000143,"failureMessages":[],"meta":{}},{"ancestorTitles":["event/twowayHandler"],"fullName":"event/twowayHandler 対象プロパティが存在しない場合は警告すること","status":"passed","title":"対象プロパティが存在しない場合は警告すること","duration":0.2747999999999138,"failureMessages":[],"meta":{}},{"ancestorTitles":["event/twowayHandler"],"fullName":"event/twowayHandler state要素が見つからない場合はraiseErrorを呼ぶこと","status":"passed","title":"state要素が見つからない場合はraiseErrorを呼ぶこと","duration":0.9139000000000124,"failureMessages":[],"meta":{}},{"ancestorTitles":["event/twowayHandler"],"fullName":"event/twowayHandler bindingInfoSetが未登録ならdetachはfalseを返すこと","status":"passed","title":"bindingInfoSetが未登録ならdetachはfalseを返すこと","duration":0.14989999999988868,"failureMessages":[],"meta":{}},{"ancestorTitles":["event/twowayHandler"],"fullName":"event/twowayHandler 最後のbindingInfoを削除したらハンドラも削除されること","status":"passed","title":"最後のbindingInfoを削除したらハンドラも削除されること","duration":0.23979999999983193,"failureMessages":[],"meta":{}},{"ancestorTitles":["event/twowayHandler"],"fullName":"event/twowayHandler 同一キーのbindingが残る場合はハンドラを保持すること","status":"passed","title":"同一キーのbindingが残る場合はハンドラを保持すること","duration":0.1592000000000553,"failureMessages":[],"meta":{}}],"startTime":1769941777604,"endTime":1769941777615.2397,"status":"passed","message":"","name":"C:/Users/kikuzawa/Documents/git/wcstack/wcstack/packages/state/__tests__/event.twowayHandler.test.ts"},{"assertionResults":[{"ancestorTitles":["builtinFilters","eq filter"],"fullName":"builtinFilters eq filter 数値の等価比較ができること","status":"passed","title":"数値の等価比較ができること","duration":1.0582999999999174,"failureMessages":[],"meta":{}},{"ancestorTitles":["builtinFilters","eq filter"],"fullName":"builtinFilters eq filter 文字列の等価比較ができること","status":"passed","title":"文字列の等価比較ができること","duration":0.11090000000012878,"failureMessages":[],"meta":{}},{"ancestorTitles":["builtinFilters","eq filter"],"fullName":"builtinFilters eq filter 数値以外は厳密比較すること","status":"passed","title":"数値以外は厳密比較すること","duration":0.06580000000008113,"failureMessages":[],"meta":{}},{"ancestorTitles":["builtinFilters","ne filter"],"fullName":"builtinFilters ne filter 数値の不等価比較ができること","status":"passed","title":"数値の不等価比較ができること","duration":0.12120000000004438,"failureMessages":[],"meta":{}},{"ancestorTitles":["builtinFilters","ne filter"],"fullName":"builtinFilters ne filter 文字列の不等価比較ができること","status":"passed","title":"文字列の不等価比較ができること","duration":0.07609999999999673,"failureMessages":[],"meta":{}},{"ancestorTitles":["builtinFilters","ne filter"],"fullName":"builtinFilters ne filter 数値/文字列以外は厳密不等価で判定すること","status":"passed","title":"数値/文字列以外は厳密不等価で判定すること","duration":0.058200000000169894,"failureMessages":[],"meta":{}},{"ancestorTitles":["builtinFilters","not filter"],"fullName":"builtinFilters not filter booleanを反転できること","status":"passed","title":"booleanを反転できること","duration":0.08789999999999054,"failureMessages":[],"meta":{}},{"ancestorTitles":["builtinFilters","comparison filters"],"fullName":"builtinFilters comparison filters lt: 小さいか判定できること","status":"passed","title":"lt: 小さいか判定できること","duration":0.10960000000000036,"failureMessages":[],"meta":{}},{"ancestorTitles":["builtinFilters","comparison filters"],"fullName":"builtinFilters comparison filters le: 以下か判定できること","status":"passed","title":"le: 以下か判定できること","duration":0.10339999999996508,"failureMessages":[],"meta":{}},{"ancestorTitles":["builtinFilters","comparison filters"],"fullName":"builtinFilters comparison filters gt: 大きいか判定できること","status":"passed","title":"gt: 大きいか判定できること","duration":0.11519999999995889,"failureMessages":[],"meta":{}},{"ancestorTitles":["builtinFilters","comparison filters"],"fullName":"builtinFilters comparison filters ge: 以上か判定できること","status":"passed","title":"ge: 以上か判定できること","duration":0.20899999999983265,"failureMessages":[],"meta":{}},{"ancestorTitles":["builtinFilters","arithmetic filters"],"fullName":"builtinFilters arithmetic filters inc: 加算できること","status":"passed","title":"inc: 加算できること","duration":0.09230000000002292,"failureMessages":[],"meta":{}},{"ancestorTitles":["builtinFilters","arithmetic filters"],"fullName":"builtinFilters arithmetic filters dec: 減算できること","status":"passed","title":"dec: 減算できること","duration":0.07609999999999673,"failureMessages":[],"meta":{}},{"ancestorTitles":["builtinFilters","arithmetic filters"],"fullName":"builtinFilters arithmetic filters mul: 乗算できること","status":"passed","title":"mul: 乗算できること","duration":0.07170000000019172,"failureMessages":[],"meta":{}},{"ancestorTitles":["builtinFilters","arithmetic filters"],"fullName":"builtinFilters arithmetic filters div: 除算できること","status":"passed","title":"div: 除算できること","duration":0.06809999999995853,"failureMessages":[],"meta":{}},{"ancestorTitles":["builtinFilters","arithmetic filters"],"fullName":"builtinFilters arithmetic filters mod: 剰余を取得できること","status":"passed","title":"mod: 剰余を取得できること","duration":0.06860000000006039,"failureMessages":[],"meta":{}},{"ancestorTitles":["builtinFilters","string filters"],"fullName":"builtinFilters string filters uc: 大文字に変換できること","status":"passed","title":"uc: 大文字に変換できること","duration":0.06550000000015643,"failureMessages":[],"meta":{}},{"ancestorTitles":["builtinFilters","string filters"],"fullName":"builtinFilters string filters lc: 小文字に変換できること","status":"passed","title":"lc: 小文字に変換できること","duration":0.05639999999993961,"failureMessages":[],"meta":{}},{"ancestorTitles":["builtinFilters","string filters"],"fullName":"builtinFilters string filters cap: 先頭を大文字にできること","status":"passed","title":"cap: 先頭を大文字にできること","duration":0.0724999999999909,"failureMessages":[],"meta":{}},{"ancestorTitles":["builtinFilters","string filters"],"fullName":"builtinFilters string filters cap: 空文字/1文字の分岐を通ること","status":"passed","title":"cap: 空文字/1文字の分岐を通ること","duration":0.05999999999994543,"failureMessages":[],"meta":{}},{"ancestorTitles":["builtinFilters","string filters"],"fullName":"builtinFilters string filters trim: 前後の空白を除去できること","status":"passed","title":"trim: 前後の空白を除去できること","duration":0.05629999999996471,"failureMessages":[],"meta":{}},{"ancestorTitles":["builtinFilters","string filters"],"fullName":"builtinFilters string filters slice: 文字列をスライスできること","status":"passed","title":"slice: 文字列をスライスできること","duration":0.07369999999991705,"failureMessages":[],"meta":{}},{"ancestorTitles":["builtinFilters","string filters"],"fullName":"builtinFilters string filters substr: 位置と長さで切り出せること","status":"passed","title":"substr: 位置と長さで切り出せること","duration":0.07709999999997308,"failureMessages":[],"meta":{}},{"ancestorTitles":["builtinFilters","string filters"],"fullName":"builtinFilters string filters pad: 文字列をパディングできること","status":"passed","title":"pad: 文字列をパディングできること","duration":0.07109999999988759,"failureMessages":[],"meta":{}},{"ancestorTitles":["builtinFilters","string filters"],"fullName":"builtinFilters string filters pad: 文字指定でパディングできること","status":"passed","title":"pad: 文字指定でパディングできること","duration":0.04680000000007567,"failureMessages":[],"meta":{}},{"ancestorTitles":["builtinFilters","string filters"],"fullName":"builtinFilters string filters rep: 文字列を繰り返せること","status":"passed","title":"rep: 文字列を繰り返せること","duration":0.07370000000014443,"failureMessages":[],"meta":{}},{"ancestorTitles":["builtinFilters","string filters"],"fullName":"builtinFilters string filters rev: 文字列を反転できること","status":"passed","title":"rev: 文字列を反転できること","duration":0.05719999999996617,"failureMessages":[],"meta":{}},{"ancestorTitles":["builtinFilters","number format filters"],"fullName":"builtinFilters number format filters fix: 固定小数点に変換できること","status":"passed","title":"fix: 固定小数点に変換できること","duration":0.08150000000000546,"failureMessages":[],"meta":{}},{"ancestorTitles":["builtinFilters","number format filters"],"fullName":"builtinFilters number format filters fix: デフォルト桁数(0)で動作すること","status":"passed","title":"fix: デフォルト桁数(0)で動作すること","duration":0.0546999999999116,"failureMessages":[],"meta":{}},{"ancestorTitles":["builtinFilters","number format filters"],"fullName":"builtinFilters number format filters round/floor/ceil/percent: デフォルト桁数(0)で動作すること","status":"passed","title":"round/floor/ceil/percent: デフォルト桁数(0)で動作すること","duration":0.17370000000005348,"failureMessages":[],"meta":{}},{"ancestorTitles":["builtinFilters","number format filters"],"fullName":"builtinFilters number format filters locale: 既定ロケールで数値をフォーマットできること","status":"passed","title":"locale: 既定ロケールで数値をフォーマットできること","duration":9.973400000000083,"failureMessages":[],"meta":{}},{"ancestorTitles":["builtinFilters","number format filters"],"fullName":"builtinFilters number format filters round: 四捨五入できること","status":"passed","title":"round: 四捨五入できること","duration":0.14750000000003638,"failureMessages":[],"meta":{}},{"ancestorTitles":["builtinFilters","number format filters"],"fullName":"builtinFilters number format filters floor: 切り捨てできること","status":"passed","title":"floor: 切り捨てできること","duration":0.06860000000006039,"failureMessages":[],"meta":{}},{"ancestorTitles":["builtinFilters","number format filters"],"fullName":"builtinFilters number format filters ceil: 切り上げできること","status":"passed","title":"ceil: 切り上げできること","duration":0.059799999999995634,"failureMessages":[],"meta":{}},{"ancestorTitles":["builtinFilters","number format filters"],"fullName":"builtinFilters number format filters percent: パーセント表示に変換できること","status":"passed","title":"percent: パーセント表示に変換できること","duration":0.05760000000009313,"failureMessages":[],"meta":{}},{"ancestorTitles":["builtinFilters","type conversion filters"],"fullName":"builtinFilters type conversion filters int: 整数に変換できること","status":"passed","title":"int: 整数に変換できること","duration":0.09400000000005093,"failureMessages":[],"meta":{}},{"ancestorTitles":["builtinFilters","type conversion filters"],"fullName":"builtinFilters type conversion filters float: 浮動小数点に変換できること","status":"passed","title":"float: 浮動小数点に変換できること","duration":0.06909999999993488,"failureMessages":[],"meta":{}},{"ancestorTitles":["builtinFilters","type conversion filters"],"fullName":"builtinFilters type conversion filters boolean: booleanに変換できること","status":"passed","title":"boolean: booleanに変換できること","duration":0.10350000000016735,"failureMessages":[],"meta":{}},{"ancestorTitles":["builtinFilters","type conversion filters"],"fullName":"builtinFilters type conversion filters number: 数値に変換できること","status":"passed","title":"number: 数値に変換できること","duration":0.06079999999997199,"failureMessages":[],"meta":{}},{"ancestorTitles":["builtinFilters","type conversion filters"],"fullName":"builtinFilters type conversion filters string: 文字列に変換できること","status":"passed","title":"string: 文字列に変換できること","duration":0.07089999999993779,"failureMessages":[],"meta":{}},{"ancestorTitles":["builtinFilters","type conversion filters"],"fullName":"builtinFilters type conversion filters null: 空文字列をnullに変換できること","status":"passed","title":"null: 空文字列をnullに変換できること","duration":0.07560000000012224,"failureMessages":[],"meta":{}},{"ancestorTitles":["builtinFilters","truthy/falsy filters"],"fullName":"builtinFilters truthy/falsy filters truthy: truthyな値を判定できること","status":"passed","title":"truthy: truthyな値を判定できること","duration":0.1414999999999509,"failureMessages":[],"meta":{}},{"ancestorTitles":["builtinFilters","truthy/falsy filters"],"fullName":"builtinFilters truthy/falsy filters falsy: falsyな値を判定できること","status":"passed","title":"falsy: falsyな値を判定できること","duration":0.14629999999988286,"failureMessages":[],"meta":{}},{"ancestorTitles":["builtinFilters","truthy/falsy filters"],"fullName":"builtinFilters truthy/falsy filters defaults: falsyな値をデフォルト値に置換できること","status":"passed","title":"defaults: falsyな値をデフォルト値に置換できること","duration":0.1529000000000451,"failureMessages":[],"meta":{}},{"ancestorTitles":["builtinFilters","date filters"],"fullName":"builtinFilters date filters ymd: 年月日フォーマットに変換できること","status":"passed","title":"ymd: 年月日フォーマットに変換できること","duration":0.573699999999917,"failureMessages":[],"meta":{}},{"ancestorTitles":["builtinFilters","date filters"],"fullName":"builtinFilters date filters time/datetime: 既定ロケールで時間/日時をフォーマットできること","status":"passed","title":"time/datetime: 既定ロケールで時間/日時をフォーマットできること","duration":2.7234000000000833,"failureMessages":[],"meta":{}},{"ancestorTitles":["builtinFilters","date filters"],"fullName":"builtinFilters date filters date: 既定ロケールで日付をフォーマットできること","status":"passed","title":"date: 既定ロケールで日付をフォーマットできること","duration":0.23339999999984684,"failureMessages":[],"meta":{}},{"ancestorTitles":["builtinFilters","date filters"],"fullName":"builtinFilters date filters ymd: 既定の区切り文字を使えること","status":"passed","title":"ymd: 既定の区切り文字を使えること","duration":0.07950000000005275,"failureMessages":[],"meta":{}},{"ancestorTitles":["builtinFilters","validation errors"],"fullName":"builtinFilters validation errors 存在しないフィルター名はエラーになること","status":"passed","title":"存在しないフィルター名はエラーになること","duration":0.6944999999998345,"failureMessages":[],"meta":{}},{"ancestorTitles":["builtinFilters","validation errors"],"fullName":"builtinFilters validation errors オプション必須のフィルターは未指定でエラーになること","status":"passed","title":"オプション必須のフィルターは未指定でエラーになること","duration":0.6190000000001419,"failureMessages":[],"meta":{}},{"ancestorTitles":["builtinFilters","validation errors"],"fullName":"builtinFilters validation errors 数値オプションが不正な場合はエラーになること","status":"passed","title":"数値オプションが不正な場合はエラーになること","duration":3.0830000000000837,"failureMessages":[],"meta":{}},{"ancestorTitles":["builtinFilters","validation errors"],"fullName":"builtinFilters validation errors 数値系フィルターは数値以外を受け付けないこと","status":"passed","title":"数値系フィルターは数値以外を受け付けないこと","duration":0.6630999999999858,"failureMessages":[],"meta":{}},{"ancestorTitles":["builtinFilters","validation errors"],"fullName":"builtinFilters validation errors eq/ne: 数値比較時は数値オプションが必要なこと","status":"passed","title":"eq/ne: 数値比較時は数値オプションが必要なこと","duration":0.1516999999998916,"failureMessages":[],"meta":{}},{"ancestorTitles":["builtinFilters","validation errors"],"fullName":"builtinFilters validation errors substr: 第2引数が必須なこと","status":"passed","title":"substr: 第2引数が必須なこと","duration":0.08839999999986503,"failureMessages":[],"meta":{}},{"ancestorTitles":["builtinFilters","validation errors"],"fullName":"builtinFilters validation errors not: boolean以外はエラーになること","status":"passed","title":"not: boolean以外はエラーになること","duration":0.10130000000003747,"failureMessages":[],"meta":{}},{"ancestorTitles":["builtinFilters","validation errors"],"fullName":"builtinFilters validation errors date/time/datetime/ymd: Date以外はエラーになること","status":"passed","title":"date/time/datetime/ymd: Date以外はエラーになること","duration":0.20309999999994943,"failureMessages":[],"meta":{}},{"ancestorTitles":["builtinFilters","string filters (extra)"],"fullName":"builtinFilters string filters (extra) slice/rep/padのオプションが正しく動くこと","status":"passed","title":"slice/rep/padのオプションが正しく動くこと","duration":0.09130000000004657,"failureMessages":[],"meta":{}}],"startTime":1769941777586,"endTime":1769941777611.0913,"status":"passed","message":"","name":"C:/Users/kikuzawa/Documents/git/wcstack/wcstack/packages/state/__tests__/filters.builtinFilters.test.ts"},{"assertionResults":[{"ancestorTitles":["filter errorMessages","optionsRequired"],"fullName":"filter errorMessages optionsRequired エラーメッセージにフィルター名が含まれること","status":"passed","title":"エラーメッセージにフィルター名が含まれること","duration":2.2323000000000093,"failureMessages":[],"meta":{}},{"ancestorTitles":["filter errorMessages","optionMustBeNumber"],"fullName":"filter errorMessages optionMustBeNumber エラーメッセージにフィルター名が含まれること","status":"passed","title":"エラーメッセージにフィルター名が含まれること","duration":0.35580000000004475,"failureMessages":[],"meta":{}},{"ancestorTitles":["filter errorMessages","valueMustBeNumber"],"fullName":"filter errorMessages valueMustBeNumber エラーメッセージにフィルター名が含まれること","status":"passed","title":"エラーメッセージにフィルター名が含まれること","duration":0.26539999999999964,"failureMessages":[],"meta":{}},{"ancestorTitles":["filter errorMessages","valueMustBeString"],"fullName":"filter errorMessages valueMustBeString エラーメッセージにフィルター名が含まれること","status":"passed","title":"エラーメッセージにフィルター名が含まれること","duration":0.28489999999999327,"failureMessages":[],"meta":{}},{"ancestorTitles":["filter errorMessages","valueMustBeBoolean"],"fullName":"filter errorMessages valueMustBeBoolean エラーメッセージにフィルター名が含まれること","status":"passed","title":"エラーメッセージにフィルター名が含まれること","duration":0.21260000000006585,"failureMessages":[],"meta":{}},{"ancestorTitles":["filter errorMessages","valueMustBeDate"],"fullName":"filter errorMessages valueMustBeDate エラーメッセージにフィルター名が含まれること","status":"passed","title":"エラーメッセージにフィルター名が含まれること","duration":0.193300000000022,"failureMessages":[],"meta":{}}],"startTime":1769941779808,"endTime":1769941779812.2126,"status":"passed","message":"","name":"C:/Users/kikuzawa/Documents/git/wcstack/wcstack/packages/state/__tests__/filters.errorMessages.test.ts"},{"assertionResults":[{"ancestorTitles":["createListIndex"],"fullName":"createListIndex トップレベルのindexを作成できること","status":"passed","title":"トップレベルのindexを作成できること","duration":2.3605999999999767,"failureMessages":[],"meta":{}},{"ancestorTitles":["createListIndex"],"fullName":"createListIndex 親を持つindexの情報が正しいこと","status":"passed","title":"親を持つindexの情報が正しいこと","duration":0.282799999999952,"failureMessages":[],"meta":{}},{"ancestorTitles":["createListIndex"],"fullName":"createListIndex indexの更新でindexesが更新されること","status":"passed","title":"indexの更新でindexesが更新されること","duration":0.23149999999998272,"failureMessages":[],"meta":{}},{"ancestorTitles":["createListIndex"],"fullName":"createListIndex atで階層取得できること","status":"passed","title":"atで階層取得できること","duration":0.2216000000000804,"failureMessages":[],"meta":{}},{"ancestorTitles":["createListIndex"],"fullName":"createListIndex listIndexesの初期化とキャッシュが機能すること","status":"passed","title":"listIndexesの初期化とキャッシュが機能すること","duration":0.26900000000000546,"failureMessages":[],"meta":{}},{"ancestorTitles":["createListIndex"],"fullName":"createListIndex atで範囲外を指定した場合はnullになること","status":"passed","title":"atで範囲外を指定した場合はnullになること","duration":0.1026000000000522,"failureMessages":[],"meta":{}}],"startTime":1769941779592,"endTime":1769941779596.1025,"status":"passed","message":"","name":"C:/Users/kikuzawa/Documents/git/wcstack/wcstack/packages/state/__tests__/list.createListIndex.test.ts"},{"assertionResults":[{"ancestorTitles":["createListIndexes"],"fullName":"createListIndexes 配列の長さ分のListIndexを生成すること","status":"passed","title":"配列の長さ分のListIndexを生成すること","duration":2.5582999999999174,"failureMessages":[],"meta":{}},{"ancestorTitles":["createListIndexes"],"fullName":"createListIndexes 親ListIndexを受け継ぐこと","status":"passed","title":"親ListIndexを受け継ぐこと","duration":0.8786999999999807,"failureMessages":[],"meta":{}},{"ancestorTitles":["createListIndexes"],"fullName":"createListIndexes 新しいリストが空なら空配列を返すこと","status":"passed","title":"新しいリストが空なら空配列を返すこと","duration":0.20719999999982974,"failureMessages":[],"meta":{}},{"ancestorTitles":["createListIndexes"],"fullName":"createListIndexes 同一リストなら既存インデックスを返すこと","status":"passed","title":"同一リストなら既存インデックスを返すこと","duration":0.1272999999998774,"failureMessages":[],"meta":{}},{"ancestorTitles":["createListIndexes"],"fullName":"createListIndexes 値の再配置はインデックスを更新して再利用すること","status":"passed","title":"値の再配置はインデックスを更新して再利用すること","duration":0.4675000000002001,"failureMessages":[],"meta":{}},{"ancestorTitles":["createListIndexes"],"fullName":"createListIndexes 位置が変わらない要素はインデックス更新しないこと","status":"passed","title":"位置が変わらない要素はインデックス更新しないこと","duration":0.2601999999999407,"failureMessages":[],"meta":{}},{"ancestorTitles":["createListIndexes"],"fullName":"createListIndexes 重複値は最後のインデックスを再利用すること","status":"passed","title":"重複値は最後のインデックスを再利用すること","duration":0.11899999999991451,"failureMessages":[],"meta":{}},{"ancestorTitles":["createListIndexes"],"fullName":"createListIndexes 配列以外の入力は空配列として扱うこと","status":"passed","title":"配列以外の入力は空配列として扱うこと","duration":0.08820000000014261,"failureMessages":[],"meta":{}}],"startTime":1769941778834,"endTime":1769941778839.2603,"status":"passed","message":"","name":"C:/Users/kikuzawa/Documents/git/wcstack/wcstack/packages/state/__tests__/list.createListIndexes.test.ts"},{"assertionResults":[{"ancestorTitles":["getListIndexByBindingInfo"],"fullName":"getListIndexByBindingInfo loopContextがない場合はnullを返すこと","status":"passed","title":"loopContextがない場合はnullを返すこと","duration":1.788000000000011,"failureMessages":[],"meta":{}},{"ancestorTitles":["getListIndexByBindingInfo"],"fullName":"getListIndexByBindingInfo 一致するワイルドカードがあればlistIndexを返すこと","status":"passed","title":"一致するワイルドカードがあればlistIndexを返すこと","duration":0.8449000000000524,"failureMessages":[],"meta":{}},{"ancestorTitles":["getListIndexByBindingInfo"],"fullName":"getListIndexByBindingInfo 一致するワイルドカードがない場合はnullを返すこと","status":"passed","title":"一致するワイルドカードがない場合はnullを返すこと","duration":0.185799999999972,"failureMessages":[],"meta":{}},{"ancestorTitles":["getListIndexByBindingInfo"],"fullName":"getListIndexByBindingInfo 同じloopContextでも別のbindingInfoは再評価されること","status":"passed","title":"同じloopContextでも別のbindingInfoは再評価されること","duration":0.20700000000010732,"failureMessages":[],"meta":{}},{"ancestorTitles":["getListIndexByBindingInfo"],"fullName":"getListIndexByBindingInfo statePathInfoがない場合はエラーになること","status":"passed","title":"statePathInfoがない場合はエラーになること","duration":1.057800000000043,"failureMessages":[],"meta":{}}],"startTime":1769941778936,"endTime":1769941778941.0579,"status":"passed","message":"","name":"C:/Users/kikuzawa/Documents/git/wcstack/wcstack/packages/state/__tests__/list.getListIndexByBindingInfo.test.ts"},{"assertionResults":[{"ancestorTitles":["loopContextByNode"],"fullName":"loopContextByNode set/get できること","status":"passed","title":"set/get できること","duration":1.973600000000033,"failureMessages":[],"meta":{}},{"ancestorTitles":["loopContextByNode"],"fullName":"loopContextByNode nullで削除できること","status":"passed","title":"nullで削除できること","duration":0.20830000000000837,"failureMessages":[],"meta":{}}],"startTime":1769941779928,"endTime":1769941779930.2083,"status":"passed","message":"","name":"C:/Users/kikuzawa/Documents/git/wcstack/wcstack/packages/state/__tests__/list.listIndexByNode.test.ts"},{"assertionResults":[{"ancestorTitles":["listIndexesByList"],"fullName":"listIndexesByList set/get できること","status":"passed","title":"set/get できること","duration":2.0617999999999483,"failureMessages":[],"meta":{}},{"ancestorTitles":["listIndexesByList"],"fullName":"listIndexesByList nullで削除できること","status":"passed","title":"nullで削除できること","duration":0.3061999999999898,"failureMessages":[],"meta":{}}],"startTime":1769941779963,"endTime":1769941779965.3062,"status":"passed","message":"","name":"C:/Users/kikuzawa/Documents/git/wcstack/wcstack/packages/state/__tests__/list.listIndexesByList.test.ts"},{"assertionResults":[{"ancestorTitles":["loopContext"],"fullName":"loopContext ループコンテキストがない状態でwildcardが1以外ならエラーになること","status":"passed","title":"ループコンテキストがない状態でwildcardが1以外ならエラーになること","duration":2.4945999999999913,"failureMessages":[],"meta":{}},{"ancestorTitles":["loopContext"],"fullName":"loopContext ネスト時にwildcard数が+1でない場合はエラーになること","status":"passed","title":"ネスト時にwildcard数が+1でない場合はエラーになること","duration":0.35390000000006694,"failureMessages":[],"meta":{}},{"ancestorTitles":["loopContext"],"fullName":"loopContext ネスト時に親wildcardパスが一致しない場合はエラーになること","status":"passed","title":"ネスト時に親wildcardパスが一致しない場合はエラーになること","duration":0.2665999999999258,"failureMessages":[],"meta":{}},{"ancestorTitles":["loopContext"],"fullName":"loopContext 正しい階層でネストできること","status":"passed","title":"正しい階層でネストできること","duration":0.2639999999998963,"failureMessages":[],"meta":{}},{"ancestorTitles":["loopContext"],"fullName":"loopContext 非同期コールバックでもスタックが後始末されること","status":"passed","title":"非同期コールバックでもスタックが後始末されること","duration":0.21209999999996398,"failureMessages":[],"meta":{}}],"startTime":1769941778780,"endTime":1769941778783.2666,"status":"passed","message":"","name":"C:/Users/kikuzawa/Documents/git/wcstack/wcstack/packages/state/__tests__/list.loopContext.test.ts"},{"assertionResults":[{"ancestorTitles":["PathInfo","getPathInfo"],"fullName":"PathInfo getPathInfo 関数が存在すること","status":"passed","title":"関数が存在すること","duration":1.0438000000001466,"failureMessages":[],"meta":{}},{"ancestorTitles":["PathInfo","getPathInfo"],"fullName":"PathInfo getPathInfo キャッシュから同じインスタンスを返すこと","status":"passed","title":"キャッシュから同じインスタンスを返すこと","duration":0.2581000000000131,"failureMessages":[],"meta":{}},{"ancestorTitles":["PathInfo","単純なパス"],"fullName":"PathInfo 単純なパス 単一セグメントのパスを正しくパースすること","status":"passed","title":"単一セグメントのパスを正しくパースすること","duration":0.6511000000000422,"failureMessages":[],"meta":{}},{"ancestorTitles":["PathInfo","単純なパス"],"fullName":"PathInfo 単純なパス 複数セグメントのパスを正しくパースすること","status":"passed","title":"複数セグメントのパスを正しくパースすること","duration":0.18640000000004875,"failureMessages":[],"meta":{}},{"ancestorTitles":["PathInfo","単純なパス"],"fullName":"PathInfo 単純なパス 3階層のパスを正しくパースすること","status":"passed","title":"3階層のパスを正しくパースすること","duration":0.11860000000001492,"failureMessages":[],"meta":{}},{"ancestorTitles":["PathInfo","単純なパス"],"fullName":"PathInfo 単純なパス 空のパスを正しく処理すること","status":"passed","title":"空のパスを正しく処理すること","duration":0.19929999999999382,"failureMessages":[],"meta":{}},{"ancestorTitles":["PathInfo","単純なパス"],"fullName":"PathInfo 単純なパス 先頭にドットがあるパスを正しく処理すること","status":"passed","title":"先頭にドットがあるパスを正しく処理すること","duration":0.08240000000000691,"failureMessages":[],"meta":{}},{"ancestorTitles":["PathInfo","単純なパス"],"fullName":"PathInfo 単純なパス 末尾にドットがあるパスを正しく処理すること","status":"passed","title":"末尾にドットがあるパスを正しく処理すること","duration":0.07500000000004547,"failureMessages":[],"meta":{}},{"ancestorTitles":["PathInfo","ワイルドカードを含むパス"],"fullName":"PathInfo ワイルドカードを含むパス 単一ワイルドカードのパスを正しくパースすること","status":"passed","title":"単一ワイルドカードのパスを正しくパースすること","duration":0.1775000000000091,"failureMessages":[],"meta":{}},{"ancestorTitles":["PathInfo","ワイルドカードを含むパス"],"fullName":"PathInfo ワイルドカードを含むパス ワイルドカードの後にプロパティがあるパスを正しくパースすること","status":"passed","title":"ワイルドカードの後にプロパティがあるパスを正しくパースすること","duration":0.12210000000004584,"failureMessages":[],"meta":{}},{"ancestorTitles":["PathInfo","ワイルドカードを含むパス"],"fullName":"PathInfo ワイルドカードを含むパス 複数のワイルドカードを含むパスを正しくパースすること","status":"passed","title":"複数のワイルドカードを含むパスを正しくパースすること","duration":0.12110000000006949,"failureMessages":[],"meta":{}},{"ancestorTitles":["PathInfo","ワイルドカードを含むパス"],"fullName":"PathInfo ワイルドカードを含むパス 複数のワイルドカードとプロパティを含むパスを正しくパースすること","status":"passed","title":"複数のワイルドカードとプロパティを含むパスを正しくパースすること","duration":0.1147000000000844,"failureMessages":[],"meta":{}},{"ancestorTitles":["PathInfo","ワイルドカードを含むパス"],"fullName":"PathInfo ワイルドカードを含むパス 先頭がワイルドカードのパスを正しくパースすること","status":"passed","title":"先頭がワイルドカードのパスを正しくパースすること","duration":0.11419999999998254,"failureMessages":[],"meta":{}},{"ancestorTitles":["PathInfo","ワイルドカードを含むパス"],"fullName":"PathInfo ワイルドカードを含むパス 3階層のワイルドカードを含むパスを正しくパースすること","status":"passed","title":"3階層のワイルドカードを含むパスを正しくパースすること","duration":0.1372999999998683,"failureMessages":[],"meta":{}},{"ancestorTitles":["PathInfo","parentPathInfo"],"fullName":"PathInfo parentPathInfo 空のパスの場合はnullを返すこと","status":"passed","title":"空のパスの場合はnullを返すこと","duration":0.05089999999995598,"failureMessages":[],"meta":{}},{"ancestorTitles":["PathInfo","parentPathInfo"],"fullName":"PathInfo parentPathInfo 親が存在する場合は正しい親PathInfoを返すこと","status":"passed","title":"親が存在する場合は正しい親PathInfoを返すこと","duration":0.09020000000009532,"failureMessages":[],"meta":{}},{"ancestorTitles":["PathInfo","parentPathInfo"],"fullName":"PathInfo parentPathInfo 複数階層の親を正しく辿れること","status":"passed","title":"複数階層の親を正しく辿れること","duration":0.11120000000005348,"failureMessages":[],"meta":{}},{"ancestorTitles":["PathInfo","parentPathInfo"],"fullName":"PathInfo parentPathInfo ワイルドカードを含むパスの親を正しく取得すること","status":"passed","title":"ワイルドカードを含むパスの親を正しく取得すること","duration":0.07410000000004402,"failureMessages":[],"meta":{}},{"ancestorTitles":["PathInfo","parentPathInfo"],"fullName":"PathInfo parentPathInfo parentPathInfoが同じパスで同じインスタンスを返すこと","status":"passed","title":"parentPathInfoが同じパスで同じインスタンスを返すこと","duration":0.0703000000000884,"failureMessages":[],"meta":{}},{"ancestorTitles":["PathInfo","parentPathInfo"],"fullName":"PathInfo parentPathInfo parentPathInfoがキャッシュされること","status":"passed","title":"parentPathInfoがキャッシュされること","duration":0.05110000000013315,"failureMessages":[],"meta":{}},{"ancestorTitles":["PathInfo","wildcardPathInfos"],"fullName":"PathInfo wildcardPathInfos ワイルドカードがない場合は空配列を返すこと","status":"passed","title":"ワイルドカードがない場合は空配列を返すこと","duration":0.05650000000014188,"failureMessages":[],"meta":{}},{"ancestorTitles":["PathInfo","wildcardPathInfos"],"fullName":"PathInfo wildcardPathInfos 単一ワイルドカードの場合は自身を返すこと","status":"passed","title":"単一ワイルドカードの場合は自身を返すこと","duration":0.6342999999999392,"failureMessages":[],"meta":{}},{"ancestorTitles":["PathInfo","wildcardPathInfos"],"fullName":"PathInfo wildcardPathInfos ワイルドカードの後にプロパティがある場合は正しいPathInfoを返すこと","status":"passed","title":"ワイルドカードの後にプロパティがある場合は正しいPathInfoを返すこと","duration":0.13639999999986685,"failureMessages":[],"meta":{}},{"ancestorTitles":["PathInfo","wildcardPathInfos"],"fullName":"PathInfo wildcardPathInfos 複数のワイルドカードの場合は全てのPathInfoを返すこと","status":"passed","title":"複数のワイルドカードの場合は全てのPathInfoを返すこと","duration":0.10809999999992215,"failureMessages":[],"meta":{}},{"ancestorTitles":["PathInfo","wildcardPathInfos"],"fullName":"PathInfo wildcardPathInfos 3階層のワイルドカードの場合は全てのPathInfoを返すこと","status":"passed","title":"3階層のワイルドカードの場合は全てのPathInfoを返すこと","duration":0.1
[...]
n":null}},"26":{"start":{"line":66,"column":8},"end":{"line":66,"column":null}},"27":{"start":{"line":68,"column":6},"end":{"line":73,"column":null}},"28":{"start":{"line":69,"column":8},"end":{"line":72,"column":null}},"29":{"start":{"line":76,"column":4},"end":{"line":79,"column":null}},"30":{"start":{"line":77,"column":37},"end":{"line":77,"column":null}},"31":{"start":{"line":78,"column":6},"end":{"line":78,"column":null}},"32":{"start":{"line":80,"column":4},"end":{"line":84,"column":null}},"33":{"start":{"line":81,"column":6},"end":{"line":81,"column":null}},"34":{"start":{"line":82,"column":6},"end":{"line":82,"column":null}},"35":{"start":{"line":83,"column":6},"end":{"line":83,"column":null}},"36":{"start":{"line":90,"column":2},"end":{"line":90,"column":null}}},"fnMap":{"0":{"name":"(anonymous_0)","decl":{"start":{"line":24,"column":2},"end":{"line":24,"column":14}},"loc":{"start":{"line":24,"column":69},"end":{"line":32,"column":null}},"line":24},"1":{"name":"(anonymous_1)","decl":{"start":{"line":34,"column":6},"end":{"line":34,"column":34}},"loc":{"start":{"line":34,"column":34},"end":{"line":36,"column":null}},"line":34},"2":{"name":"(anonymous_2)","decl":{"start":{"line":38,"column":2},"end":{"line":38,"column":23}},"loc":{"start":{"line":38,"column":53},"end":{"line":56,"column":null}},"line":38},"3":{"name":"(anonymous_3)","decl":{"start":{"line":50,"column":43},"end":{"line":50,"column":44}},"loc":{"start":{"line":50,"column":56},"end":{"line":52,"column":5}},"line":50},"4":{"name":"(anonymous_4)","decl":{"start":{"line":53,"column":19},"end":{"line":53,"column":25}},"loc":{"start":{"line":53,"column":25},"end":{"line":55,"column":5}},"line":53},"5":{"name":"(anonymous_5)","decl":{"start":{"line":57,"column":10},"end":{"line":57,"column":34}},"loc":{"start":{"line":57,"column":34},"end":{"line":85,"column":null}},"line":57},"6":{"name":"createUpdater","decl":{"start":{"line":89,"column":16},"end":{"line":89,"column":30}},"loc":{"start":{"line":89,"column":95},"end":{"line":91,"column":null}},"line":89}},"branchMap":{"0":{"loc":{"start":{"line":31,"column":9},"end":{"line":31,"column":null}},"type":"binary-expr","locations":[{"start":{"line":31,"column":9},"end":{"line":31,"column":67}},{"start":{"line":31,"column":62},"end":{"line":31,"column":null}}],"line":31},"1":{"loc":{"start":{"line":47,"column":4},"end":{"line":49,"column":null}},"type":"if","locations":[{"start":{"line":47,"column":4},"end":{"line":49,"column":null}},{"start":{},"end":{}}],"line":47},"2":{"loc":{"start":{"line":65,"column":6},"end":{"line":67,"column":null}},"type":"if","locations":[{"start":{"line":65,"column":6},"end":{"line":67,"column":null}},{"start":{},"end":{}}],"line":65},"3":{"loc":{"start":{"line":80,"column":4},"end":{"line":84,"column":null}},"type":"if","locations":[{"start":{"line":80,"column":4},"end":{"line":84,"column":null}},{"start":{},"end":{}}],"line":80}},"s":{"0":11,"1":11,"2":11,"3":11,"4":11,"5":11,"6":11,"7":8,"8":6,"9":6,"10":6,"11":6,"12":6,"13":1,"14":5,"15":5,"16":5,"17":5,"18":6,"19":6,"20":6,"21":6,"22":6,"23":5,"24":5,"25":5,"26":2,"27":3,"28":3,"29":6,"30":3,"31":3,"32":6,"33":5,"34":5,"35":5,"36":11},"f":{"0":11,"1":8,"2":6,"3":5,"4":5,"5":6,"6":11},"b":{"0":[11,1],"1":[1,5],"2":[2,3],"3":[5,1]},"meta":{"lastBranch":4,"lastFunction":7,"lastStatement":37,"seen":{"s:19:46:19:Infinity":0,"s:21:48:21:Infinity":1,"s:22:47:22:Infinity":2,"f:24:2:24:14":0,"s:25:4:28:Infinity":3,"s:29:4:29:Infinity":4,"s:30:4:30:Infinity":5,"s:31:4:31:Infinity":6,"b:31:9:31:67:31:62:31:Infinity":0,"f:34:6:34:34":1,"s:35:4:35:Infinity":7,"f:38:2:38:23":2,"s:39:25:39:Infinity":8,"s:40:4:40:Infinity":9,"s:41:4:41:Infinity":10,"s:42:4:45:Infinity":11,"b:47:4:49:Infinity:undefined:undefined:undefined:undefined":1,"s:47:4:49:Infinity":12,"s:48:6:48:Infinity":13,"s:50:4:52:Infinity":14,"f:50:43:50:44":3,"s:51:6:51:Infinity":15,"s:53:4:55:Infinity":16,"f:53:19:53:25":4,"s:54:6:54:Infinity":17,"f:57:10:57:34":5,"s:58:25:58:Infinity":18,"s:59:23:59:Infinity":19,"s:60:4:60:Infinity":20,"s:61:36:61:Infinity":21,"s:62:4:74:Infinity":22,"s:63:20:63:Infinity":23,"s:64:27:64:Infinity":24,"b:65:6:67:Infinity:undefined:undefined:undefined:undefined":2,"s:65:6:67:Infinity":25,"s:66:8:66:Infinity":26,"s:68:6:73:Infinity":27,"s:69:8:72:Infinity":28,"s:76:4:79:Infinity":29,"s:77:37:77:Infinity":30,"s:78:6:78:Infinity":31,"b:80:4:84:Infinity:undefined:undefined:undefined:undefined":3,"s:80:4:84:Infinity":32,"s:81:6:81:Infinity":33,"s:82:6:82:Infinity":34,"s:83:6:83:Infinity":35,"f:89:16:89:30":6,"s:90:2:90:Infinity":36}}},"C:\\Users\\kikuzawa\\Documents\\git\\wcstack\\wcstack\\packages\\state\\src\\structural\\collectStructuralFragments.ts":{"path":"C:\\Users\\kikuzawa\\Documents\\git\\wcstack\\wcstack\\packages\\state\\src\\structural\\collectStructuralFragments.ts","statementMap":{"0":{"start":{"line":14,"column":55},"end":{"line":19,"column":null}},"1":{"start":{"line":21,"column":6},"end":{"line":21,"column":null}},"2":{"start":{"line":27,"column":18},"end":{"line":27,"column":null}},"3":{"start":{"line":28,"column":2},"end":{"line":32,"column":null}},"4":{"start":{"line":39,"column":2},"end":{"line":39,"column":null}},"5":{"start":{"line":41,"column":23},"end":{"line":45,"column":null}},"6":{"start":{"line":46,"column":2},"end":{"line":46,"column":null}},"7":{"start":{"line":51,"column":22},"end":{"line":51,"column":null}},"8":{"start":{"line":52,"column":17},"end":{"line":67,"column":null}},"9":{"start":{"line":57,"column":24},"end":{"line":57,"column":null}},"10":{"start":{"line":58,"column":8},"end":{"line":63,"column":null}},"11":{"start":{"line":59,"column":27},"end":{"line":59,"column":null}},"12":{"start":{"line":60,"column":10},"end":{"line":62,"column":null}},"13":{"start":{"line":61,"column":12},"end":{"line":61,"column":null}},"14":{"start":{"line":64,"column":8},"end":{"line":64,"column":null}},"15":{"start":{"line":68,"column":49},"end":{"line":68,"column":null}},"16":{"start":{"line":69,"column":45},"end":{"line":69,"column":null}},"17":{"start":{"line":70,"column":43},"end":{"line":70,"column":null}},"18":{"start":{"line":71,"column":2},"end":{"line":74,"column":null}},"19":{"start":{"line":72,"column":21},"end":{"line":72,"column":null}},"20":{"start":{"line":73,"column":4},"end":{"line":73,"column":null}},"21":{"start":{"line":76,"column":2},"end":{"line":176,"column":null}},"22":{"start":{"line":77,"column":21},"end":{"line":77,"column":null}},"23":{"start":{"line":78,"column":10},"end":{"line":78,"column":null}},"24":{"start":{"line":79,"column":30},"end":{"line":79,"column":null}},"25":{"start":{"line":80,"column":20},"end":{"line":80,"column":null}},"26":{"start":{"line":81,"column":4},"end":{"line":83,"column":null}},"27":{"start":{"line":82,"column":6},"end":{"line":82,"column":null}},"28":{"start":{"line":85,"column":24},"end":{"line":85,"column":null}},"29":{"start":{"line":86,"column":21},"end":{"line":86,"column":null}},"30":{"start":{"line":87,"column":10},"end":{"line":87,"column":null}},"31":{"start":{"line":88,"column":45},"end":{"line":88,"column":null}},"32":{"start":{"line":90,"column":4},"end":{"line":163,"column":null}},"33":{"start":{"line":92,"column":6},"end":{"line":94,"column":null}},"34":{"start":{"line":93,"column":8},"end":{"line":93,"column":null}},"35":{"start":{"line":95,"column":30},"end":{"line":95,"column":null}},"36":{"start":{"line":96,"column":6},"end":{"line":98,"column":null}},"37":{"start":{"line":97,"column":8},"end":{"line":97,"column":null}},"38":{"start":{"line":100,"column":6},"end":{"line":100,"column":null}},"39":{"start":{"line":101,"column":6},"end":{"line":101,"column":null}},"40":{"start":{"line":102,"column":6},"end":{"line":102,"column":null}},"41":{"start":{"line":104,"column":35},"end":{"line":104,"column":null}},"42":{"start":{"line":105,"column":26},"end":{"line":105,"column":null}},"43":{"start":{"line":106,"column":6},"end":{"line":115,"column":null}},"44":{"start":{"line":107,"column":8},"end":{"line":107,"column":null}},"45":{"start":{"line":108,"column":8},"end":{"line":108,"column":null}},"46":{"start":{"line":109,"column":8},"end":{"line":112,"column":null}},"47":{"start":{"line":114,"column":8},"end":{"line":114,"column":null}},"48":{"start":{"line":116,"column":4},"end":{"line":163,"column":null}},"49":{"start":{"line":118,"column":6},"end":{"line":120,"column":null}},"50":{"start":{"line":119,"column":8},"end":{"line":119,"column":null}},"51":{"start":{"line":121,"column":30},"end":{"line":121,"column":null}},"52":{"start":{"line":122,"column":6},"end":{"line":124,"column":null}},"53":{"start":{"line":123,"column":8},"end":{"line":123,"column":null}},"54":{"start":{"line":126,"column":6},"end":{"line":126,"column":null}},"55":{"start":{"line":127,"column":6},"end":{"line":127,"column":null}},"56":{"start":{"line":128,"column":26},"end":{"line":128,"column":null}},"57":{"start":{"line":131,"column":12},"end":{"line":131,"column":null}},"58":{"start":{"line":132,"column":46},"end":{"line":136,"column":null}},"59":{"start":{"line":137,"column":6},"end":{"line":137,"column":null}},"60":{"start":{"line":138,"column":6},"end":{"line":141,"column":null}},"61":{"start":{"line":142,"column":6},"end":{"line":142,"column":null}},"62":{"start":{"line":143,"column":35},"end":{"line":143,"column":null}},"63":{"start":{"line":144,"column":6},"end":{"line":144,"column":null}},"64":{"start":{"line":145,"column":30},"end":{"line":145,"column":null}},"65":{"start":{"line":147,"column":6},"end":{"line":156,"column":null}},"66":{"start":{"line":148,"column":8},"end":{"line":148,"column":null}},"67":{"start":{"line":149,"column":8},"end":{"line":149,"column":null}},"68":{"start":{"line":150,"column":8},"end":{"line":153,"column":null}},"69":{"start":{"line":155,"column":8},"end":{"line":155,"column":null}},"70":{"start":{"line":159,"column":6},"end":{"line":159,"column":null}},"71":{"start":{"line":160,"column":6},"end":{"line":160,"column":null}},"72":{"start":{"line":161,"column":26},"end":{"line":161,"column":null}},"73":{"start":{"line":162,"column":6},"end":{"line":162,"column":null}},"74":{"start":{"line":165,"column":4},"end":{"line":175,"column":null}},"75":{"start":{"line":166,"column":6},"end":{"line":174,"column":null}},"76":{"start":{"line":167,"column":8},"end":{"line":167,"column":null}},"77":{"start":{"line":168,"column":8},"end":{"line":168,"column":null}},"78":{"start":{"line":169,"column":6},"end":{"line":174,"column":null}},"79":{"start":{"line":170,"column":8},"end":{"line":170,"column":null}},"80":{"start":{"line":171,"column":6},"end":{"line":174,"column":null}},"81":{"start":{"line":172,"column":8},"end":{"line":172,"column":null}},"82":{"start":{"line":173,"column":8},"end":{"line":173,"column":null}}},"fnMap":{"0":{"name":"cloneNotParseBindTextResult","decl":{"start":{"line":23,"column":9},"end":{"line":23,"column":null}},"loc":{"start":{"line":26,"column":23},"end":{"line":33,"column":null}},"line":26},"1":{"name":"_getFragmentInfo","decl":{"start":{"line":35,"column":9},"end":{"line":35,"column":null}},"loc":{"start":{"line":38,"column":17},"end":{"line":47,"column":null}},"line":38},"2":{"name":"collectStructuralFragments","decl":{"start":{"line":50,"column":16},"end":{"line":50,"column":43}},"loc":{"start":{"line":50,"column":94},"end":{"line":177,"column":null}},"line":50},"3":{"name":"(anonymous_3)","decl":{"start":{"line":56,"column":6},"end":{"line":56,"column":17}},"loc":{"start":{"line":56,"column":29},"end":{"line":65,"column":null}},"line":56}},"branchMap":{"0":{"loc":{"start":{"line":58,"column":8},"end":{"line":63,"column":null}},"type":"if","locations":[{"start":{"line":58,"column":8},"end":{"line":63,"column":null}},{"start":{},"end":{}}],"line":58},"1":{"loc":{"start":{"line":59,"column":27},"end":{"line":59,"column":null}},"type":"binary-expr","locations":[{"start":{"line":59,"column":27},"end":{"line":59,"column":77}},{"start":{"line":59,"column":77},"end":{"line":59,"column":null}}],"line":59},"2":{"loc":{"start":{"line":60,"column":10},"end":{"line":62,"column":null}},"type":"if","locations":[{"start":{"line":60,"column":10},"end":{"line":62,"column":null}},{"start":{},"end":{}}],"line":60},"3":{"loc":{"start":{"line":77,"column":21},"end":{"line":77,"column":null}},"type":"binary-expr","locations":[{"start":{"line":77,"column":21},"end":{"line":77,"column":72}},{"start":{"line":77,"column":72},"end":{"line":77,"column":null}}],"line":77},"4":{"loc":{"start":{"line":81,"column":4},"end":{"line":83,"column":null}},"type":"if","locations":[{"start":{"line":81,"column":4},"end":{"line":83,"column":null}},{"start":{},"end":{}}],"line":81},"5":{"loc":{"start":{"line":90,"column":4},"end":{"line":163,"column":null}},"type":"if","locations":[{"start":{"line":90,"column":4},"end":{"line":163,"column":null}},{"start":{"line":116,"column":4},"end":{"line":163,"column":null}}],"line":90},"6":{"loc":{"start":{"line":92,"column":6},"end":{"line":94,"column":null}},"type":"if","locations":[{"start":{"line":92,"column":6},"end":{"line":94,"column":null}},{"start":{},"end":{}}],"line":92},"7":{"loc":{"start":{"line":96,"column":6},"end":{"line":98,"column":null}},"type":"if","locations":[{"start":{"line":96,"column":6},"end":{"line":98,"column":null}},{"start":{},"end":{}}],"line":96},"8":{"loc":{"start":{"line":96,"column":10},"end":{"line":96,"column":68}},"type":"binary-expr","locations":[{"start":{"line":96,"column":10},"end":{"line":96,"column":38}},{"start":{"line":96,"column":38},"end":{"line":96,"column":68}}],"line":96},"9":{"loc":{"start":{"line":106,"column":6},"end":{"line":115,"column":null}},"type":"if","locations":[{"start":{"line":106,"column":6},"end":{"line":115,"column":null}},{"start":{"line":113,"column":13},"end":{"line":115,"column":null}}],"line":106},"10":{"loc":{"start":{"line":116,"column":4},"end":{"line":163,"column":null}},"type":"if","locations":[{"start":{"line":116,"column":4},"end":{"line":163,"column":null}},{"start":{"line":158,"column":11},"end":{"line":163,"column":null}}],"line":116},"11":{"loc":{"start":{"line":118,"column":6},"end":{"line":120,"column":null}},"type":"if","locations":[{"start":{"line":118,"column":6},"end":{"line":120,"column":null}},{"start":{},"end":{}}],"line":118},"12":{"loc":{"start":{"line":122,"column":6},"end":{"line":124,"column":null}},"type":"if","locations":[{"start":{"line":122,"column":6},"end":{"line":124,"column":null}},{"start":{},"end":{}}],"line":122},"13":{"loc":{"start":{"line":122,"column":10},"end":{"line":122,"column":68}},"type":"binary-expr","locations":[{"start":{"line":122,"column":10},"end":{"line":122,"column":38}},{"start":{"line":122,"column":38},"end":{"line":122,"column":68}}],"line":122},"14":{"loc":{"start":{"line":147,"column":6},"end":{"line":156,"column":null}},"type":"if","locations":[{"start":{"line":147,"column":6},"end":{"line":156,"column":null}},{"start":{"line":154,"column":13},"end":{"line":156,"column":null}}],"line":147},"15":{"loc":{"start":{"line":165,"column":4},"end":{"line":175,"column":null}},"type":"if","locations":[{"start":{"line":165,"column":4},"end":{"line":175,"column":null}},{"start":{},"end":{}}],"line":165},"16":{"loc":{"start":{"line":166,"column":6},"end":{"line":174,"column":null}},"type":"if","locations":[{"start":{"line":166,"column":6},"end":{"line":174,"column":null}},{"start":{"line":169,"column":6},"end":{"line":174,"column":null}}],"line":166},"17":{"loc":{"start":{"line":169,"column":6},"end":{"line":174,"column":null}},"type":"if","locations":[{"start":{"line":169,"column":6},"end":{"line":174,"column":null}},{"start":{"line":171,"column":6},"end":{"line":174,"column":null}}],"line":169},"18":{"loc":{"start":{"line":171,"column":6},"end":{"line":174,"column":null}},"type":"if","locations":[{"start":{"line":171,"column":6},"end":{"line":174,"column":null}},{"start":{},"end":{}}],"line":171}},"s":{"0":3,"1":3,"2":6,"3":6,"4":13,"5":13,"6":13,"7":25,"8":25,"9":21,"10":21,"11":17,"12":17,"13":15,"14":6,"15":25,"16":25,"17":25,"18":25,"19":16,"20":16,"21":25,"22":16,"23":16,"24":16,"25":16,"26":16,"27":1,"28":15,"29":15,"30":15,"31":15,"32":15,"33":4,"34":1,"35":3,"36":3,"37":0,"38":3,"39":3,"40":3,"41":3,"42":3,"43":3,"44":2,"45":2,"46":2,"47":1,"48":11,"49":4,"50":1,"51":3,"52":3,"53":0,"54":3,"55":3,"56":3,"57":3,"58":3,"59":3,"60":3,"61":3,"62":3,"63":3,"64":3,"65":3,"66":1,"67":1,"68":1,"69":2,"70":7,"71":7,"72":7,"73":7,"74":13,"75":13,"76":4,"77":4,"78":9,"79":3,"80":6,"81":3,"82":3},"f":{"0":6,"1":13,"2":25,"3":21},"b":{"0":[17,4],"1":[17,2],"2":[15,2],"3":[16,1],"4":[1,15],"5":[4,11],"6":[1,3],"7":[0,3],"8":[3,2],"9":[2,1],"10":[4,7],"11":[1,3],"12":[0,3],"13":[3,1],"14":[1,2],"15":[13,0],"16":[4,9],"17":[3,6],"18":[3,3]},"meta":{"lastBranch":19,"lastFunction":4,"lastStatement":83,"seen":{"s:14:55:19:Infinity":0,"s:21:6:21:Infinity":1,"f:23:9:23:Infinity":0,"s:27:18:27:Infinity":2,"s:28:2:32:Infinity":3,"f:35:9:35:Infinity":1,"s:39:2:39:Infinity":4,"s:41:23:45:Infinity":5,"s:46:2:46:Infinity":6,"f:50:16:50:43":2,"s:51:22:51:Infinity":7,"s:52:17:67:Infinity":8,"f:56:6:56:17":3,"s:57:24:57:Infinity":9,"b:58:8:63:Infinity:undefined:undefined:undefined:undefined":0,"s:58:8:63:Infinity":10,"s:59:27:59:Infinity":11,"b:59:27:59:77:59:77:59:Infinity":1,"b:60:10:62:Infinity:undefined:undefined:undefined:undefined":2,"s:60:10:62:Infinity":12,"s:61:12:61:Infinity":13,"s:64:8:64:Infinity":14,"s:68:49:68:Infinity":15,"s:69:45:69:Infinity":16,"s:70:43:70:Infinity":17,"s:71:2:74:Infinity":18,"s:72:21:72:Infinity":19,"s:73:4:73:Infinity":20,"s:76:2:176:Infinity":21,"s:77:21:77:Infinity":22,"b:77:21:77:72:77:72:77:Infinity":3,"s:78:10:78:Infinity":23,"s:79:30:79:Infinity":24,"s:80:20:80:Infinity":25,"b:81:4:83:Infinity:undefined:undefined:undefined:undefined":4,"s:81:4:83:Infinity":26,"s:82:6:82:Infinity":27,"s:85:24:85:Infinity":28,"s:86:21:86:Infinity":29,"s:87:10:87:Infinity":30,"s:88:45:88:Infinity":31,"b:90:4:163:Infinity:116:4:163:Infinity":5,"s:90:4:163:Infinity":32,"b:92:6:94:Infinity:undefined:undefined:undefined:undefined":6,"s:92:6:94:Infinity":33,"s:93:8:93:Infinity":34,"s:95:30:95:Infinity":35,"b:96:6:98:Infinity:undefined:undefined:undefined:undefined":7,"s:96:6:98:Infinity":36,"b:96:10:96:38:96:38:96:68":8,"s:97:8:97:Infinity":37,"s:100:6:100:Infinity":38,"s:101:6:101:Infinity":39,"s:102:6:102:Infinity":40,"s:104:35:104:Infinity":41,"s:105:26:105:Infinity":42,"b:106:6:115:Infinity:113:13:115:Infinity":9,"s:106:6:115:Infinity":43,"s:107:8:107:Infinity":44,"s:108:8:108:Infinity":45,"s:109:8:112:Infinity":46,"s:114:8:114:Infinity":47,"b:116:4:163:Infinity:158:11:163:Infinity":10,"s:116:4:163:Infinity":48,"b:118:6:120:Infinity:undefined:undefined:undefined:undefined":11,"s:118:6:120:Infinity":49,"s:119:8:119:Infinity":50,"s:121:30:121:Infinity":51,"b:122:6:124:Infinity:undefined:undefined:undefined:undefined":12,"s:122:6:124:Infinity":52,"b:122:10:122:38:122:38:122:68":13,"s:123:8:123:Infinity":53,"s:126:6:126:Infinity":54,"s:127:6:127:Infinity":55,"s:128:26:128:Infinity":56,"s:131:12:131:Infinity":57,"s:132:46:136:Infinity":58,"s:137:6:137:Infinity":59,"s:138:6:141:Infinity":60,"s:142:6:142:Infinity":61,"s:143:35:143:Infinity":62,"s:144:6:144:Infinity":63,"s:145:30:145:Infinity":64,"b:147:6:156:Infinity:154:13:156:Infinity":14,"s:147:6:156:Infinity":65,"s:148:8:148:Infinity":66,"s:149:8:149:Infinity":67,"s:150:8:153:Infinity":68,"s:155:8:155:Infinity":69,"s:159:6:159:Infinity":70,"s:160:6:160:Infinity":71,"s:161:26:161:Infinity":72,"s:162:6:162:Infinity":73,"b:165:4:175:Infinity:undefined:undefined:undefined:undefined":15,"s:165:4:175:Infinity":74,"b:166:6:174:Infinity:169:6:174:Infinity":16,"s:166:6:174:Infinity":75,"s:167:8:167:Infinity":76,"s:168:8:168:Infinity":77,"b:169:6:174:Infinity:171:6:174:Infinity":17,"s:169:6:174:Infinity":78,"s:170:8:170:Infinity":79,"b:171:6:174:Infinity:undefined:undefined:undefined:undefined":18,"s:171:6:174:Infinity":80,"s:172:8:172:Infinity":81,"s:173:8:173:Infinity":82}}}}}